ARM GAS  C:\Users\xanlo\AppData\Local\Temp\ccqyG6to.s 			page 1


   1              		.cpu cortex-m3
   2              		.eabi_attribute 20, 1
   3              		.eabi_attribute 21, 1
   4              		.eabi_attribute 23, 3
   5              		.eabi_attribute 24, 1
   6              		.eabi_attribute 25, 1
   7              		.eabi_attribute 26, 1
   8              		.eabi_attribute 30, 6
   9              		.eabi_attribute 34, 1
  10              		.eabi_attribute 18, 4
  11              		.file	"displayUart.c"
  12              		.text
  13              	.Ltext0:
  14              		.cfi_sections	.debug_frame
  15              		.comm	str,50,4
  16              		.section	.rodata
  17              		.align	2
  18              	.LC0:
  19 0000 21375345 		.ascii	"!7SEG:%d#\015\012\000"
  19      473A2564 
  19      230D0A00 
  20              		.section	.text.updateDisplay,"ax",%progbits
  21              		.align	1
  22              		.global	updateDisplay
  23              		.arch armv7-m
  24              		.syntax unified
  25              		.thumb
  26              		.thumb_func
  27              		.fpu softvfp
  29              	updateDisplay:
  30              	.LFB68:
  31              		.file 1 "./Core/Src/displayUart.c"
   1:./Core/Src/displayUart.c **** /*
   2:./Core/Src/displayUart.c ****  * displayUart.c
   3:./Core/Src/displayUart.c ****  *
   4:./Core/Src/displayUart.c ****  *  Created on: 8 Dec 2022
   5:./Core/Src/displayUart.c ****  *      Author: xanlo
   6:./Core/Src/displayUart.c ****  */
   7:./Core/Src/displayUart.c **** 
   8:./Core/Src/displayUart.c **** 
   9:./Core/Src/displayUart.c **** #include <displayUart.h>
  10:./Core/Src/displayUart.c **** #include "main.h"
  11:./Core/Src/displayUart.c **** #include "global.h"
  12:./Core/Src/displayUart.c **** 
  13:./Core/Src/displayUart.c **** #include <stdio.h>
  14:./Core/Src/displayUart.c **** 
  15:./Core/Src/displayUart.c **** extern UART_HandleTypeDef huart2;
  16:./Core/Src/displayUart.c **** char str[50];
  17:./Core/Src/displayUart.c **** 
  18:./Core/Src/displayUart.c **** void updateDisplay(){
  32              		.loc 1 18 21
  33              		.cfi_startproc
  34              		@ args = 0, pretend = 0, frame = 0
  35              		@ frame_needed = 1, uses_anonymous_args = 0
  36 0000 80B5     		push	{r7, lr}
  37              		.cfi_def_cfa_offset 8
  38              		.cfi_offset 7, -8
ARM GAS  C:\Users\xanlo\AppData\Local\Temp\ccqyG6to.s 			page 2


  39              		.cfi_offset 14, -4
  40 0002 00AF     		add	r7, sp, #0
  41              		.cfi_def_cfa_register 7
  19:./Core/Src/displayUart.c **** 	HAL_UART_Transmit(&huart2, (uint8_t*)str, sprintf(str, "!7SEG:%d#\r\n",SEG7_CLOCK[0] / TIME_UNIT),
  42              		.loc 1 19 83
  43 0004 0B4B     		ldr	r3, .L2
  44 0006 1B68     		ldr	r3, [r3]
  45              		.loc 1 19 44
  46 0008 0B4A     		ldr	r2, .L2+4
  47 000a 82FB0312 		smull	r1, r2, r2, r3
  48 000e 9211     		asrs	r2, r2, #6
  49 0010 DB17     		asrs	r3, r3, #31
  50 0012 D31A     		subs	r3, r2, r3
  51 0014 1A46     		mov	r2, r3
  52 0016 0949     		ldr	r1, .L2+8
  53 0018 0948     		ldr	r0, .L2+12
  54 001a FFF7FEFF 		bl	sprintf
  55 001e 0346     		mov	r3, r0
  56              		.loc 1 19 2
  57 0020 9AB2     		uxth	r2, r3
  58 0022 4FF47A73 		mov	r3, #1000
  59 0026 0649     		ldr	r1, .L2+12
  60 0028 0648     		ldr	r0, .L2+16
  61 002a FFF7FEFF 		bl	HAL_UART_Transmit
  20:./Core/Src/displayUart.c **** }
  62              		.loc 1 20 1
  63 002e 00BF     		nop
  64 0030 80BD     		pop	{r7, pc}
  65              	.L3:
  66 0032 00BF     		.align	2
  67              	.L2:
  68 0034 00000000 		.word	SEG7_CLOCK
  69 0038 D34D6210 		.word	274877907
  70 003c 00000000 		.word	.LC0
  71 0040 00000000 		.word	str
  72 0044 00000000 		.word	huart2
  73              		.cfi_endproc
  74              	.LFE68:
  76              		.text
  77              	.Letext0:
  78              		.file 2 "c:\\st\\stm32cubeide_1.7.0\\stm32cubeide\\plugins\\com.st.stm32cube.ide.mcu.externaltools
  79              		.file 3 "c:\\st\\stm32cubeide_1.7.0\\stm32cubeide\\plugins\\com.st.stm32cube.ide.mcu.externaltools
  80              		.file 4 "Drivers/CMSIS/Include/core_cm3.h"
  81              		.file 5 "Drivers/CMSIS/Device/ST/STM32F1xx/Include/system_stm32f1xx.h"
  82              		.file 6 "Drivers/CMSIS/Device/ST/STM32F1xx/Include/stm32f103xb.h"
  83              		.file 7 "Drivers/STM32F1xx_HAL_Driver/Inc/stm32f1xx_hal_def.h"
  84              		.file 8 "Drivers/STM32F1xx_HAL_Driver/Inc/stm32f1xx_hal_dma.h"
  85              		.file 9 "Drivers/STM32F1xx_HAL_Driver/Inc/stm32f1xx_hal_uart.h"
  86              		.file 10 "Drivers/STM32F1xx_HAL_Driver/Inc/stm32f1xx_hal.h"
  87              		.file 11 "Core/Inc/global.h"
  88              		.file 12 "c:\\st\\stm32cubeide_1.7.0\\stm32cubeide\\plugins\\com.st.stm32cube.ide.mcu.externaltool
  89              		.file 13 "c:\\st\\stm32cubeide_1.7.0\\stm32cubeide\\plugins\\com.st.stm32cube.ide.mcu.externaltool
  90              		.file 14 "c:\\st\\stm32cubeide_1.7.0\\stm32cubeide\\plugins\\com.st.stm32cube.ide.mcu.externaltool
  91              		.file 15 "c:\\st\\stm32cubeide_1.7.0\\stm32cubeide\\plugins\\com.st.stm32cube.ide.mcu.externaltool
ARM GAS  C:\Users\xanlo\AppData\Local\Temp\ccqyG6to.s 			page 3


DEFINED SYMBOLS
                            *ABS*:0000000000000000 displayUart.c
                            *COM*:0000000000000032 str
C:\Users\xanlo\AppData\Local\Temp\ccqyG6to.s:17     .rodata:0000000000000000 $d
C:\Users\xanlo\AppData\Local\Temp\ccqyG6to.s:21     .text.updateDisplay:0000000000000000 $t
C:\Users\xanlo\AppData\Local\Temp\ccqyG6to.s:29     .text.updateDisplay:0000000000000000 updateDisplay
C:\Users\xanlo\AppData\Local\Temp\ccqyG6to.s:68     .text.updateDisplay:0000000000000034 $d
                           .group:0000000000000000 wm4.0.e890922d021f7fff2fbf219cb2b38f03
                           .group:0000000000000000 wm4.stm32f1xx_hal_conf.h.21.185fa7e4004c86f1f34627ab1091dd60
                           .group:0000000000000000 wm4.stm32f1xx.h.39.208bb8a61c892b7c37d899c49a031330
                           .group:0000000000000000 wm4.stm32f103xb.h.38.ec967d5ad9d3269cb0788eebda048e38
                           .group:0000000000000000 wm4._newlib_version.h.4.1ef4e12f167f8b69d7c30054be56050d
                           .group:0000000000000000 wm4.features.h.33.318b64d71e0957639cfb30f1db1f7ec8
                           .group:0000000000000000 wm4._default_types.h.15.247e5cd201eca3442cbf5404108c4935
                           .group:0000000000000000 wm4._intsup.h.10.48bafbb683905c4daa4565a85aeeb264
                           .group:0000000000000000 wm4._stdint.h.10.c24fa3af3bc1706662bb5593a907e841
                           .group:0000000000000000 wm4.stdint.h.23.d53047a68f4a85177f80b422d52785ed
                           .group:0000000000000000 wm4.cmsis_version.h.32.4d5822004c01a829a975260e854b5f8e
                           .group:0000000000000000 wm4.core_cm3.h.66.fc46cac19810db8f98d67da7ef88f42c
                           .group:0000000000000000 wm4.cmsis_gcc.h.26.225e4f5469716fdeef823d1102f5b23e
                           .group:0000000000000000 wm4.core_cm3.h.127.f4474120f1a7524deb56f9d74ff175da
                           .group:0000000000000000 wm4.stm32f103xb.h.573.10249aa7473ca93be896fed94046a725
                           .group:0000000000000000 wm4.stm32f1xx.h.162.96b09079a093c34dbd7f0b85cbd0ddee
                           .group:0000000000000000 wm4.stm32_hal_legacy.h.23.91ba5b544a4c2be2620a1e7ff0049e10
                           .group:0000000000000000 wm4.stddef.h.39.144cf5ddcd53cbfdac30259dc1a6c87f
                           .group:0000000000000000 wm4.stm32f1xx_hal_def.h.57.18d01ce1aa74e9fb44dbf16f821a574a
                           .group:0000000000000000 wm4.stm32f1xx_hal_rcc.h.95.21591bbc513aaa813c0b8640c3b32517
                           .group:0000000000000000 wm4.stm32f1xx_hal_rcc_ex.h.22.8763f99bc1e3e2dcf0febe9161d81b37
                           .group:0000000000000000 wm4.stm32f1xx_hal_rcc.h.1202.f8e5f9e0cf4eef7840facf5396029056
                           .group:0000000000000000 wm4.stm32f1xx_hal_gpio.h.22.fa638d688dcc57ca806fe6a7831b0d04
                           .group:0000000000000000 wm4.stm32f1xx_hal_gpio_ex.h.22.51a50ef3512cd78017ce666a32d364bf
                           .group:0000000000000000 wm4.stm32f1xx_hal_gpio.h.263.f5ebf2f545ade59412ab9261c8e35dc4
                           .group:0000000000000000 wm4.stm32f1xx_hal_exti.h.22.e26491d042c8079c3ca67eca341af862
                           .group:0000000000000000 wm4.stm32f1xx_hal_dma.h.22.3c14338534886827bf3aeaa2a7f412a1
                           .group:0000000000000000 wm4.stm32f1xx_hal_dma_ex.h.22.001ac4d7f81ccbdcae49bd65c13858c8
                           .group:0000000000000000 wm4.stm32f1xx_hal_dma.h.409.cafcd2cfe701091535636be537c18293
                           .group:0000000000000000 wm4.stm32f1xx_hal_cortex.h.22.b5f4174bb6a50d95405567b8f50e0900
                           .group:0000000000000000 wm4.stm32f1xx_hal_flash.h.22.5cea9a7210e6315b41724b47b5fdf203
                           .group:0000000000000000 wm4.stm32f1xx_hal_flash_ex.h.22.d4e19c21f2a86fa2f8ec2c2d5f1ab2af
                           .group:0000000000000000 wm4.stm32f1xx_hal_pwr.h.22.3438c476faafc3240bf146f143df3fcd
                           .group:0000000000000000 wm4.stm32f1xx_hal_tim.h.22.a16e206564e97dbace9faae59a0d6008
                           .group:0000000000000000 wm4.stm32f1xx_hal_uart.h.22.5f7992e497faa36aa98f09f7214f4dbb
                           .group:0000000000000000 wm4.stm32f1xx_hal.h.88.91065c0692bed6019c34f1e9c00589fd
                           .group:0000000000000000 wm4.main.h.63.d4f8a4d7b478ddd0ed8a349f4df0d070
                           .group:0000000000000000 wm4.global.h.9.07cc41e1ed932596c8485394ac422e11
                           .group:0000000000000000 wm4.newlib.h.8.7cb3972cd43265932d4782d5eb589854
                           .group:0000000000000000 wm4.ieeefp.h.77.f33a4dce62116f6f5175ff8bae57a54c
                           .group:0000000000000000 wm4.config.h.224.c701144a7b0518c6ee9b9b5465b79f81
                           .group:0000000000000000 wm4._ansi.h.31.de524f58584151836e90d8620a16f8e8
                           .group:0000000000000000 wm4.stdio.h.31.7c0e28c411445f3f9c5b11accf882760
                           .group:0000000000000000 wm4.stddef.h.155.ba788add86a0e365f264484f110c3c29
                           .group:0000000000000000 wm4.cdefs.h.49.75c8cf0da02add7669d4e6b77e254feb
                           .group:0000000000000000 wm4.stdarg.h.34.3a23a216c0c293b3d2ea2e89281481e6
                           .group:0000000000000000 wm4._types.h.20.dd0d04dca3800a0d2a6129b87f3adbb2
                           .group:0000000000000000 wm4.stddef.h.155.3588ebfdd1e8c7ede80509bb9c3b8009
                           .group:0000000000000000 wm4._types.h.127.34941de1b2539d59d5cac00e0dd27a45
                           .group:0000000000000000 wm4.reent.h.17.e292bf8b0bec6c96e131a54347145a30
ARM GAS  C:\Users\xanlo\AppData\Local\Temp\ccqyG6to.s 			page 4


                           .group:0000000000000000 wm4.lock.h.2.1461d1fff82dffe8bfddc23307f6484f
                           .group:0000000000000000 wm4.reent.h.77.dcd6129ff07fe81bd5636db29abe53b2
                           .group:0000000000000000 wm4.types.h.40.8b6acba56cefbb11746718204edc8f5e
                           .group:0000000000000000 wm4._endian.h.31.65a10590763c3dde1ac4a7f66d7d4891
                           .group:0000000000000000 wm4.endian.h.9.49f3a4695c1b61e8a0808de3c4a106cb
                           .group:0000000000000000 wm4._timeval.h.32.bec3221fa7a9bb0bdde696c9c57e47d2
                           .group:0000000000000000 wm4.timespec.h.41.d855182eb0e690443ab8651bcedca6e1
                           .group:0000000000000000 wm4.select.h.19.97ca6fd0c752a0f3b6719fd314d361e6
                           .group:0000000000000000 wm4.types.h.51.5571ec98f267d17d3c670b7a3ba33afa
                           .group:0000000000000000 wm4.sched.h.22.c60982713a5c428609783c78f9c78d95
                           .group:0000000000000000 wm4._pthreadtypes.h.36.fcee9961c35163dde6267ef772ad1972
                           .group:0000000000000000 wm4.stdio.h.2.4aa87247282eca6c8f36f9de33d8df1a
                           .group:0000000000000000 wm4.stdio.h.81.932d0c162786b883f622b8d05c120c78

UNDEFINED SYMBOLS
sprintf
HAL_UART_Transmit
SEG7_CLOCK
huart2
