ARM GAS  C:\Users\xanlo\AppData\Local\Temp\ccDrh8xC.s 			page 1


   1              		.cpu cortex-m3
   2              		.eabi_attribute 20, 1
   3              		.eabi_attribute 21, 1
   4              		.eabi_attribute 23, 3
   5              		.eabi_attribute 24, 1
   6              		.eabi_attribute 25, 1
   7              		.eabi_attribute 26, 1
   8              		.eabi_attribute 30, 6
   9              		.eabi_attribute 34, 1
  10              		.eabi_attribute 18, 4
  11              		.file	"global.c"
  12              		.text
  13              	.Ltext0:
  14              		.cfi_sections	.debug_frame
  15              		.global	status
  16              		.section	.bss.status,"aw",%nobits
  17              		.align	2
  20              	status:
  21 0000 00000000 		.space	4
  22              		.global	start
  23              		.section	.bss.start,"aw",%nobits
  24              		.align	2
  27              	start:
  28 0000 00000000 		.space	4
  29              		.global	index_mode
  30              		.section	.data.index_mode,"aw"
  31              		.align	2
  34              	index_mode:
  35 0000 FFFFFFFF 		.word	-1
  36              		.global	CURRENT_STATE
  37              		.section	.data.CURRENT_STATE,"aw"
  38              		.align	2
  41              	CURRENT_STATE:
  42 0000 00000000 		.word	0
  43 0004 02000000 		.word	2
  44              		.global	SEG7_CLOCK
  45              		.section	.data.SEG7_CLOCK,"aw"
  46              		.align	2
  49              	SEG7_CLOCK:
  50 0000 10270000 		.word	10000
  51 0004 B80B0000 		.word	3000
  52              		.global	led_seg_buffer
  53              		.section	.bss.led_seg_buffer,"aw",%nobits
  54              		.align	2
  57              	led_seg_buffer:
  58 0000 00000000 		.space	16
  58      00000000 
  58      00000000 
  58      00000000 
  59              		.global	LED_TIME
  60              		.section	.data.LED_TIME,"aw"
  61              		.align	2
  64              	LED_TIME:
  65 0000 10270000 		.word	10000
  66 0004 B80B0000 		.word	3000
  67 0008 581B0000 		.word	7000
  68              		.global	TIMES_INC
ARM GAS  C:\Users\xanlo\AppData\Local\Temp\ccDrh8xC.s 			page 2


  69              		.section	.bss.TIMES_INC,"aw",%nobits
  70              		.align	2
  73              	TIMES_INC:
  74 0000 00000000 		.space	4
  75              		.global	man_red_time
  76              		.section	.data.man_red_time,"aw"
  77              		.align	2
  80              	man_red_time:
  81 0000 05000000 		.word	5
  82              		.global	man_amber_time
  83              		.section	.data.man_amber_time,"aw"
  84              		.align	2
  87              	man_amber_time:
  88 0000 02000000 		.word	2
  89              		.global	man_green_time
  90              		.section	.data.man_green_time,"aw"
  91              		.align	2
  94              	man_green_time:
  95 0000 03000000 		.word	3
  96              		.global	toggle_flag
  97              		.section	.bss.toggle_flag,"aw",%nobits
  98              		.align	2
 101              	toggle_flag:
 102 0000 00000000 		.space	4
 103              		.global	temp_value
 104              		.section	.bss.temp_value,"aw",%nobits
 105              		.align	2
 108              	temp_value:
 109 0000 00000000 		.space	4
 110              		.global	light_time
 111              		.section	.data.light_time,"aw"
 112              		.align	2
 115              	light_time:
 116 0000 03000000 		.word	3
 117              		.global	light_time1
 118              		.section	.data.light_time1,"aw"
 119              		.align	2
 122              	light_time1:
 123 0000 05000000 		.word	5
 124              		.global	led_status
 125              		.section	.data.led_status,"aw"
 126              		.align	2
 129              	led_status:
 130 0000 14000000 		.word	20
 131              		.global	index_led
 132              		.section	.bss.index_led,"aw",%nobits
 133              		.align	2
 136              	index_led:
 137 0000 00000000 		.space	4
 138              		.global	AllowToExecuteAfterASecondPressed
 139              		.section	.bss.AllowToExecuteAfterASecondPressed,"aw",%nobits
 140              		.align	2
 143              	AllowToExecuteAfterASecondPressed:
 144 0000 00000000 		.space	4
 145              		.global	flagForButtonPressOneQuarterSecond
 146              		.section	.bss.flagForButtonPressOneQuarterSecond,"aw",%nobits
 147              		.align	2
ARM GAS  C:\Users\xanlo\AppData\Local\Temp\ccDrh8xC.s 			page 3


 150              	flagForButtonPressOneQuarterSecond:
 151 0000 00000000 		.space	16
 151      00000000 
 151      00000000 
 151      00000000 
 152              		.text
 153              	.Letext0:
 154              		.file 1 "Core/Inc/global.h"
 155              		.file 2 "c:\\st\\stm32cubeide_1.7.0\\stm32cubeide\\plugins\\com.st.stm32cube.ide.mcu.externaltools
 156              		.file 3 "c:\\st\\stm32cubeide_1.7.0\\stm32cubeide\\plugins\\com.st.stm32cube.ide.mcu.externaltools
 157              		.file 4 "Drivers/CMSIS/Include/core_cm3.h"
 158              		.file 5 "Drivers/CMSIS/Device/ST/STM32F1xx/Include/system_stm32f1xx.h"
 159              		.file 6 "Drivers/STM32F1xx_HAL_Driver/Inc/stm32f1xx_hal.h"
 160              		.file 7 "./Core/Src/global.c"
ARM GAS  C:\Users\xanlo\AppData\Local\Temp\ccDrh8xC.s 			page 4


DEFINED SYMBOLS
                            *ABS*:0000000000000000 global.c
C:\Users\xanlo\AppData\Local\Temp\ccDrh8xC.s:20     .bss.status:0000000000000000 status
C:\Users\xanlo\AppData\Local\Temp\ccDrh8xC.s:17     .bss.status:0000000000000000 $d
C:\Users\xanlo\AppData\Local\Temp\ccDrh8xC.s:27     .bss.start:0000000000000000 start
C:\Users\xanlo\AppData\Local\Temp\ccDrh8xC.s:24     .bss.start:0000000000000000 $d
C:\Users\xanlo\AppData\Local\Temp\ccDrh8xC.s:34     .data.index_mode:0000000000000000 index_mode
C:\Users\xanlo\AppData\Local\Temp\ccDrh8xC.s:31     .data.index_mode:0000000000000000 $d
C:\Users\xanlo\AppData\Local\Temp\ccDrh8xC.s:41     .data.CURRENT_STATE:0000000000000000 CURRENT_STATE
C:\Users\xanlo\AppData\Local\Temp\ccDrh8xC.s:38     .data.CURRENT_STATE:0000000000000000 $d
C:\Users\xanlo\AppData\Local\Temp\ccDrh8xC.s:49     .data.SEG7_CLOCK:0000000000000000 SEG7_CLOCK
C:\Users\xanlo\AppData\Local\Temp\ccDrh8xC.s:46     .data.SEG7_CLOCK:0000000000000000 $d
C:\Users\xanlo\AppData\Local\Temp\ccDrh8xC.s:57     .bss.led_seg_buffer:0000000000000000 led_seg_buffer
C:\Users\xanlo\AppData\Local\Temp\ccDrh8xC.s:54     .bss.led_seg_buffer:0000000000000000 $d
C:\Users\xanlo\AppData\Local\Temp\ccDrh8xC.s:64     .data.LED_TIME:0000000000000000 LED_TIME
C:\Users\xanlo\AppData\Local\Temp\ccDrh8xC.s:61     .data.LED_TIME:0000000000000000 $d
C:\Users\xanlo\AppData\Local\Temp\ccDrh8xC.s:73     .bss.TIMES_INC:0000000000000000 TIMES_INC
C:\Users\xanlo\AppData\Local\Temp\ccDrh8xC.s:70     .bss.TIMES_INC:0000000000000000 $d
C:\Users\xanlo\AppData\Local\Temp\ccDrh8xC.s:80     .data.man_red_time:0000000000000000 man_red_time
C:\Users\xanlo\AppData\Local\Temp\ccDrh8xC.s:77     .data.man_red_time:0000000000000000 $d
C:\Users\xanlo\AppData\Local\Temp\ccDrh8xC.s:87     .data.man_amber_time:0000000000000000 man_amber_time
C:\Users\xanlo\AppData\Local\Temp\ccDrh8xC.s:84     .data.man_amber_time:0000000000000000 $d
C:\Users\xanlo\AppData\Local\Temp\ccDrh8xC.s:94     .data.man_green_time:0000000000000000 man_green_time
C:\Users\xanlo\AppData\Local\Temp\ccDrh8xC.s:91     .data.man_green_time:0000000000000000 $d
C:\Users\xanlo\AppData\Local\Temp\ccDrh8xC.s:101    .bss.toggle_flag:0000000000000000 toggle_flag
C:\Users\xanlo\AppData\Local\Temp\ccDrh8xC.s:98     .bss.toggle_flag:0000000000000000 $d
C:\Users\xanlo\AppData\Local\Temp\ccDrh8xC.s:108    .bss.temp_value:0000000000000000 temp_value
C:\Users\xanlo\AppData\Local\Temp\ccDrh8xC.s:105    .bss.temp_value:0000000000000000 $d
C:\Users\xanlo\AppData\Local\Temp\ccDrh8xC.s:115    .data.light_time:0000000000000000 light_time
C:\Users\xanlo\AppData\Local\Temp\ccDrh8xC.s:112    .data.light_time:0000000000000000 $d
C:\Users\xanlo\AppData\Local\Temp\ccDrh8xC.s:122    .data.light_time1:0000000000000000 light_time1
C:\Users\xanlo\AppData\Local\Temp\ccDrh8xC.s:119    .data.light_time1:0000000000000000 $d
C:\Users\xanlo\AppData\Local\Temp\ccDrh8xC.s:129    .data.led_status:0000000000000000 led_status
C:\Users\xanlo\AppData\Local\Temp\ccDrh8xC.s:126    .data.led_status:0000000000000000 $d
C:\Users\xanlo\AppData\Local\Temp\ccDrh8xC.s:136    .bss.index_led:0000000000000000 index_led
C:\Users\xanlo\AppData\Local\Temp\ccDrh8xC.s:133    .bss.index_led:0000000000000000 $d
C:\Users\xanlo\AppData\Local\Temp\ccDrh8xC.s:143    .bss.AllowToExecuteAfterASecondPressed:0000000000000000 AllowToExecuteAfterASecondPressed
C:\Users\xanlo\AppData\Local\Temp\ccDrh8xC.s:140    .bss.AllowToExecuteAfterASecondPressed:0000000000000000 $d
C:\Users\xanlo\AppData\Local\Temp\ccDrh8xC.s:150    .bss.flagForButtonPressOneQuarterSecond:0000000000000000 flagForButtonPressOneQuarterSecond
C:\Users\xanlo\AppData\Local\Temp\ccDrh8xC.s:147    .bss.flagForButtonPressOneQuarterSecond:0000000000000000 $d
                           .group:0000000000000000 wm4.0.e890922d021f7fff2fbf219cb2b38f03
                           .group:0000000000000000 wm4.global.h.9.07cc41e1ed932596c8485394ac422e11
                           .group:0000000000000000 wm4.stm32f1xx_hal_conf.h.21.185fa7e4004c86f1f34627ab1091dd60
                           .group:0000000000000000 wm4.stm32f1xx.h.39.208bb8a61c892b7c37d899c49a031330
                           .group:0000000000000000 wm4.stm32f103xb.h.38.ec967d5ad9d3269cb0788eebda048e38
                           .group:0000000000000000 wm4._newlib_version.h.4.1ef4e12f167f8b69d7c30054be56050d
                           .group:0000000000000000 wm4.features.h.33.318b64d71e0957639cfb30f1db1f7ec8
                           .group:0000000000000000 wm4._default_types.h.15.247e5cd201eca3442cbf5404108c4935
                           .group:0000000000000000 wm4._intsup.h.10.48bafbb683905c4daa4565a85aeeb264
                           .group:0000000000000000 wm4._stdint.h.10.c24fa3af3bc1706662bb5593a907e841
                           .group:0000000000000000 wm4.stdint.h.23.d53047a68f4a85177f80b422d52785ed
                           .group:0000000000000000 wm4.cmsis_version.h.32.4d5822004c01a829a975260e854b5f8e
                           .group:0000000000000000 wm4.core_cm3.h.66.fc46cac19810db8f98d67da7ef88f42c
                           .group:0000000000000000 wm4.cmsis_gcc.h.26.225e4f5469716fdeef823d1102f5b23e
                           .group:0000000000000000 wm4.core_cm3.h.127.f4474120f1a7524deb56f9d74ff175da
                           .group:0000000000000000 wm4.stm32f103xb.h.573.10249aa7473ca93be896fed94046a725
                           .group:0000000000000000 wm4.stm32f1xx.h.162.96b09079a093c34dbd7f0b85cbd0ddee
ARM GAS  C:\Users\xanlo\AppData\Local\Temp\ccDrh8xC.s 			page 5


                           .group:0000000000000000 wm4.stm32_hal_legacy.h.23.91ba5b544a4c2be2620a1e7ff0049e10
                           .group:0000000000000000 wm4.stddef.h.39.144cf5ddcd53cbfdac30259dc1a6c87f
                           .group:0000000000000000 wm4.stm32f1xx_hal_def.h.57.18d01ce1aa74e9fb44dbf16f821a574a
                           .group:0000000000000000 wm4.stm32f1xx_hal_rcc.h.95.21591bbc513aaa813c0b8640c3b32517
                           .group:0000000000000000 wm4.stm32f1xx_hal_rcc_ex.h.22.8763f99bc1e3e2dcf0febe9161d81b37
                           .group:0000000000000000 wm4.stm32f1xx_hal_rcc.h.1202.f8e5f9e0cf4eef7840facf5396029056
                           .group:0000000000000000 wm4.stm32f1xx_hal_gpio.h.22.fa638d688dcc57ca806fe6a7831b0d04
                           .group:0000000000000000 wm4.stm32f1xx_hal_gpio_ex.h.22.51a50ef3512cd78017ce666a32d364bf
                           .group:0000000000000000 wm4.stm32f1xx_hal_gpio.h.263.f5ebf2f545ade59412ab9261c8e35dc4
                           .group:0000000000000000 wm4.stm32f1xx_hal_exti.h.22.e26491d042c8079c3ca67eca341af862
                           .group:0000000000000000 wm4.stm32f1xx_hal_dma.h.22.3c14338534886827bf3aeaa2a7f412a1
                           .group:0000000000000000 wm4.stm32f1xx_hal_dma_ex.h.22.001ac4d7f81ccbdcae49bd65c13858c8
                           .group:0000000000000000 wm4.stm32f1xx_hal_dma.h.409.cafcd2cfe701091535636be537c18293
                           .group:0000000000000000 wm4.stm32f1xx_hal_cortex.h.22.b5f4174bb6a50d95405567b8f50e0900
                           .group:0000000000000000 wm4.stm32f1xx_hal_flash.h.22.5cea9a7210e6315b41724b47b5fdf203
                           .group:0000000000000000 wm4.stm32f1xx_hal_flash_ex.h.22.d4e19c21f2a86fa2f8ec2c2d5f1ab2af
                           .group:0000000000000000 wm4.stm32f1xx_hal_pwr.h.22.3438c476faafc3240bf146f143df3fcd
                           .group:0000000000000000 wm4.stm32f1xx_hal_tim.h.22.a16e206564e97dbace9faae59a0d6008
                           .group:0000000000000000 wm4.stm32f1xx_hal_uart.h.22.5f7992e497faa36aa98f09f7214f4dbb
                           .group:0000000000000000 wm4.stm32f1xx_hal.h.88.91065c0692bed6019c34f1e9c00589fd
                           .group:0000000000000000 wm4.main.h.63.d4f8a4d7b478ddd0ed8a349f4df0d070

NO UNDEFINED SYMBOLS
