ARM GAS  C:\Users\xanlo\AppData\Local\Temp\ccryEVHX.s 			page 1


   1              		.cpu cortex-m3
   2              		.eabi_attribute 20, 1
   3              		.eabi_attribute 21, 1
   4              		.eabi_attribute 23, 3
   5              		.eabi_attribute 24, 1
   6              		.eabi_attribute 25, 1
   7              		.eabi_attribute 26, 1
   8              		.eabi_attribute 30, 6
   9              		.eabi_attribute 34, 1
  10              		.eabi_attribute 18, 4
  11              		.file	"main.c"
  12              		.text
  13              	.Ltext0:
  14              		.cfi_sections	.debug_frame
  15              		.comm	htim2,72,4
  16              		.comm	htim3,72,4
  17              		.comm	huart2,68,4
  18              		.section	.text.SCH_Go_To_Sleep,"ax",%progbits
  19              		.align	1
  20              		.global	SCH_Go_To_Sleep
  21              		.arch armv7-m
  22              		.syntax unified
  23              		.thumb
  24              		.thumb_func
  25              		.fpu softvfp
  27              	SCH_Go_To_Sleep:
  28              	.LFB68:
  29              		.file 1 "./Core/Src/main.c"
   1:./Core/Src/main.c **** /* USER CODE BEGIN Header */
   2:./Core/Src/main.c **** /**
   3:./Core/Src/main.c ****   ******************************************************************************
   4:./Core/Src/main.c ****   * @file           : main.c
   5:./Core/Src/main.c ****   * @brief          : Main program body
   6:./Core/Src/main.c ****   ******************************************************************************
   7:./Core/Src/main.c ****   * @attention
   8:./Core/Src/main.c ****   *
   9:./Core/Src/main.c ****   * <h2><center>&copy; Copyright (c) 2022 STMicroelectronics.
  10:./Core/Src/main.c ****   * All rights reserved.</center></h2>
  11:./Core/Src/main.c ****   *
  12:./Core/Src/main.c ****   * This software component is licensed by ST under BSD 3-Clause license,
  13:./Core/Src/main.c ****   * the "License"; You may not use this file except in compliance with the
  14:./Core/Src/main.c ****   * License. You may obtain a copy of the License at:
  15:./Core/Src/main.c ****   *                        opensource.org/licenses/BSD-3-Clause
  16:./Core/Src/main.c ****   *
  17:./Core/Src/main.c ****   ******************************************************************************
  18:./Core/Src/main.c ****   */
  19:./Core/Src/main.c **** /* USER CODE END Header */
  20:./Core/Src/main.c **** /* Includes ------------------------------------------------------------------*/
  21:./Core/Src/main.c **** #include "main.h"
  22:./Core/Src/main.c **** 
  23:./Core/Src/main.c **** /* Private includes ----------------------------------------------------------*/
  24:./Core/Src/main.c **** /* USER CODE BEGIN Includes */
  25:./Core/Src/main.c **** #include <stdio.h>
  26:./Core/Src/main.c **** #include "scheduler.h"
  27:./Core/Src/main.c **** #include "sche_task.h"
  28:./Core/Src/main.c **** #include "global.h"
  29:./Core/Src/main.c **** #include "input_processing.h"
ARM GAS  C:\Users\xanlo\AppData\Local\Temp\ccryEVHX.s 			page 2


  30:./Core/Src/main.c **** #include "software_timer.h"
  31:./Core/Src/main.c **** #include "input_reading.h"
  32:./Core/Src/main.c **** #include "traffic_light.h"
  33:./Core/Src/main.c **** #include "displayUart.h"
  34:./Core/Src/main.c **** 
  35:./Core/Src/main.c **** /* USER CODE END Includes */
  36:./Core/Src/main.c **** 
  37:./Core/Src/main.c **** /* Private typedef -----------------------------------------------------------*/
  38:./Core/Src/main.c **** /* USER CODE BEGIN PTD */
  39:./Core/Src/main.c **** 
  40:./Core/Src/main.c **** /* USER CODE END PTD */
  41:./Core/Src/main.c **** 
  42:./Core/Src/main.c **** /* Private define ------------------------------------------------------------*/
  43:./Core/Src/main.c **** /* USER CODE BEGIN PD */
  44:./Core/Src/main.c **** /* USER CODE END PD */
  45:./Core/Src/main.c **** 
  46:./Core/Src/main.c **** /* Private macro -------------------------------------------------------------*/
  47:./Core/Src/main.c **** /* USER CODE BEGIN PM */
  48:./Core/Src/main.c **** 
  49:./Core/Src/main.c **** /* USER CODE END PM */
  50:./Core/Src/main.c **** 
  51:./Core/Src/main.c **** /* Private variables ---------------------------------------------------------*/
  52:./Core/Src/main.c **** TIM_HandleTypeDef htim2;
  53:./Core/Src/main.c **** TIM_HandleTypeDef htim3;
  54:./Core/Src/main.c **** 
  55:./Core/Src/main.c **** UART_HandleTypeDef huart2;
  56:./Core/Src/main.c **** 
  57:./Core/Src/main.c **** /* USER CODE BEGIN PV */
  58:./Core/Src/main.c **** 
  59:./Core/Src/main.c **** /* USER CODE END PV */
  60:./Core/Src/main.c **** 
  61:./Core/Src/main.c **** /* Private function prototypes -----------------------------------------------*/
  62:./Core/Src/main.c **** void SystemClock_Config(void);
  63:./Core/Src/main.c **** static void MX_GPIO_Init(void);
  64:./Core/Src/main.c **** static void MX_USART2_UART_Init(void);
  65:./Core/Src/main.c **** static void MX_TIM2_Init(void);
  66:./Core/Src/main.c **** static void MX_TIM3_Init(void);
  67:./Core/Src/main.c **** /* USER CODE BEGIN PFP */
  68:./Core/Src/main.c **** 
  69:./Core/Src/main.c **** /* USER CODE END PFP */
  70:./Core/Src/main.c **** 
  71:./Core/Src/main.c **** /* Private user code ---------------------------------------------------------*/
  72:./Core/Src/main.c **** /* USER CODE BEGIN 0 */
  73:./Core/Src/main.c **** void SCH_Go_To_Sleep() {
  30              		.loc 1 73 24
  31              		.cfi_startproc
  32              		@ args = 0, pretend = 0, frame = 0
  33              		@ frame_needed = 1, uses_anonymous_args = 0
  34 0000 80B5     		push	{r7, lr}
  35              		.cfi_def_cfa_offset 8
  36              		.cfi_offset 7, -8
  37              		.cfi_offset 14, -4
  38 0002 00AF     		add	r7, sp, #0
  39              		.cfi_def_cfa_register 7
  74:./Core/Src/main.c **** 	HAL_SuspendTick();
  40              		.loc 1 74 2
  41 0004 FFF7FEFF 		bl	HAL_SuspendTick
ARM GAS  C:\Users\xanlo\AppData\Local\Temp\ccryEVHX.s 			page 3


  75:./Core/Src/main.c **** 	//HAL_GPIO_WritePin(LED_SLEEP_GPIO_Port, LED_SLEEP_Pin, 0); // Just to indicate sleep mode is acti
  76:./Core/Src/main.c **** 	HAL_PWR_EnterSLEEPMode(PWR_MAINREGULATOR_ON, PWR_SLEEPENTRY_WFI);
  42              		.loc 1 76 2
  43 0008 0121     		movs	r1, #1
  44 000a 0020     		movs	r0, #0
  45 000c FFF7FEFF 		bl	HAL_PWR_EnterSLEEPMode
  77:./Core/Src/main.c **** 	HAL_ResumeTick();
  46              		.loc 1 77 2
  47 0010 FFF7FEFF 		bl	HAL_ResumeTick
  78:./Core/Src/main.c **** }
  48              		.loc 1 78 1
  49 0014 00BF     		nop
  50 0016 80BD     		pop	{r7, pc}
  51              		.cfi_endproc
  52              	.LFE68:
  54              		.section	.text.main,"ax",%progbits
  55              		.align	1
  56              		.global	main
  57              		.syntax unified
  58              		.thumb
  59              		.thumb_func
  60              		.fpu softvfp
  62              	main:
  63              	.LFB69:
  79:./Core/Src/main.c **** /* USER CODE END 0 */
  80:./Core/Src/main.c **** 
  81:./Core/Src/main.c **** /**
  82:./Core/Src/main.c ****   * @brief  The application entry point.
  83:./Core/Src/main.c ****   * @retval int
  84:./Core/Src/main.c ****   */
  85:./Core/Src/main.c **** int main(void)
  86:./Core/Src/main.c **** {
  64              		.loc 1 86 1
  65              		.cfi_startproc
  66              		@ args = 0, pretend = 0, frame = 0
  67              		@ frame_needed = 1, uses_anonymous_args = 0
  68 0000 80B5     		push	{r7, lr}
  69              		.cfi_def_cfa_offset 8
  70              		.cfi_offset 7, -8
  71              		.cfi_offset 14, -4
  72 0002 00AF     		add	r7, sp, #0
  73              		.cfi_def_cfa_register 7
  87:./Core/Src/main.c ****   /* USER CODE BEGIN 1 */
  88:./Core/Src/main.c ****   /* USER CODE END 1 */
  89:./Core/Src/main.c **** 
  90:./Core/Src/main.c ****   /* MCU Configuration--------------------------------------------------------*/
  91:./Core/Src/main.c **** 
  92:./Core/Src/main.c ****   /* Reset of all peripherals, Initializes the Flash interface and the Systick. */
  93:./Core/Src/main.c ****   HAL_Init();
  74              		.loc 1 93 3
  75 0004 FFF7FEFF 		bl	HAL_Init
  94:./Core/Src/main.c **** 
  95:./Core/Src/main.c ****   /* USER CODE BEGIN Init */
  96:./Core/Src/main.c **** 
  97:./Core/Src/main.c ****   /* USER CODE END Init */
  98:./Core/Src/main.c **** 
  99:./Core/Src/main.c ****   /* Configure the system clock */
ARM GAS  C:\Users\xanlo\AppData\Local\Temp\ccryEVHX.s 			page 4


 100:./Core/Src/main.c ****   SystemClock_Config();
  76              		.loc 1 100 3
  77 0008 FFF7FEFF 		bl	SystemClock_Config
 101:./Core/Src/main.c **** 
 102:./Core/Src/main.c ****   /* USER CODE BEGIN SysInit */
 103:./Core/Src/main.c **** 
 104:./Core/Src/main.c ****   /* USER CODE END SysInit */
 105:./Core/Src/main.c **** 
 106:./Core/Src/main.c ****   /* Initialize all configured peripherals */
 107:./Core/Src/main.c ****   MX_GPIO_Init();
  78              		.loc 1 107 3
  79 000c FFF7FEFF 		bl	MX_GPIO_Init
 108:./Core/Src/main.c ****   MX_USART2_UART_Init();
  80              		.loc 1 108 3
  81 0010 FFF7FEFF 		bl	MX_USART2_UART_Init
 109:./Core/Src/main.c ****   MX_TIM2_Init();
  82              		.loc 1 109 3
  83 0014 FFF7FEFF 		bl	MX_TIM2_Init
 110:./Core/Src/main.c ****   MX_TIM3_Init();
  84              		.loc 1 110 3
  85 0018 FFF7FEFF 		bl	MX_TIM3_Init
 111:./Core/Src/main.c ****   /* USER CODE BEGIN 2 */
 112:./Core/Src/main.c ****   HAL_TIM_PWM_Start(&htim3, TIM_CHANNEL_1);
  86              		.loc 1 112 3
  87 001c 0021     		movs	r1, #0
  88 001e 0F48     		ldr	r0, .L4
  89 0020 FFF7FEFF 		bl	HAL_TIM_PWM_Start
 113:./Core/Src/main.c ****   HAL_TIM_Base_Start_IT(&htim2);
  90              		.loc 1 113 3
  91 0024 0E48     		ldr	r0, .L4+4
  92 0026 FFF7FEFF 		bl	HAL_TIM_Base_Start_IT
 114:./Core/Src/main.c ****   HAL_TIM_Base_Start_IT(&htim3);
  93              		.loc 1 114 3
  94 002a 0C48     		ldr	r0, .L4
  95 002c FFF7FEFF 		bl	HAL_TIM_Base_Start_IT
 115:./Core/Src/main.c **** 
 116:./Core/Src/main.c ****   /* USER CODE END 2 */
 117:./Core/Src/main.c **** 
 118:./Core/Src/main.c ****   /* Infinite loop */
 119:./Core/Src/main.c ****   /* USER CODE BEGIN WHILE */
 120:./Core/Src/main.c **** //  SCH_Init();
 121:./Core/Src/main.c **** //  SCH_Add_Task(fsm_simple_button_run, 0, 10);
 122:./Core/Src/main.c **** //  SCH_Add_Task(traffic_processing, 0, 1000);
 123:./Core/Src/main.c **** //  SCH_Add_Task(button_reading, 40, 10);
 124:./Core/Src/main.c **** //  SCH_Add_Task(pedestrian_scramble, 30, 10);
 125:./Core/Src/main.c **** //  find_new_min_task();
 126:./Core/Src/main.c ****   setTimer1(500);
  96              		.loc 1 126 3
  97 0030 4FF4FA70 		mov	r0, #500
  98 0034 FFF7FEFF 		bl	setTimer1
 127:./Core/Src/main.c ****   setTimer2(1000);
  99              		.loc 1 127 3
 100 0038 4FF47A70 		mov	r0, #1000
 101 003c FFF7FEFF 		bl	setTimer2
 128:./Core/Src/main.c ****   setTimer3(10);
 102              		.loc 1 128 3
 103 0040 0A20     		movs	r0, #10
ARM GAS  C:\Users\xanlo\AppData\Local\Temp\ccryEVHX.s 			page 5


 104 0042 FFF7FEFF 		bl	setTimer3
 105              	.L3:
 129:./Core/Src/main.c **** 
 130:./Core/Src/main.c ****   while (1)
 131:./Core/Src/main.c ****   {
 132:./Core/Src/main.c **** 
 133:./Core/Src/main.c **** //	  SCH_Dispatch_Tasks();
 134:./Core/Src/main.c **** //	  // turn on LED for indicate when not in sleep mode
 135:./Core/Src/main.c **** //	  // SCH go to sleep, wait for any interrupt.
 136:./Core/Src/main.c **** //	  SCH_Go_To_Sleep();
 137:./Core/Src/main.c **** //	  turn of LED for indicate while MCU is sleeping.
 138:./Core/Src/main.c ****     /* USER CODE END WHILE */
 139:./Core/Src/main.c **** 
 140:./Core/Src/main.c ****     /* USER CODE BEGIN 3 */
 141:./Core/Src/main.c **** //	  if (timer3_flag == 1) {
 142:./Core/Src/main.c **** //		updateDisplay();
 143:./Core/Src/main.c **** //		setTimer3(200);
 144:./Core/Src/main.c **** //	  }
 145:./Core/Src/main.c **** 	  HAL_GPIO_TogglePin(GPIOA, GPIO_PIN_5);
 106              		.loc 1 145 4 discriminator 1
 107 0046 2021     		movs	r1, #32
 108 0048 0648     		ldr	r0, .L4+8
 109 004a FFF7FEFF 		bl	HAL_GPIO_TogglePin
 146:./Core/Src/main.c **** 	  fsm_simple_button_run();
 110              		.loc 1 146 4 discriminator 1
 111 004e FFF7FEFF 		bl	fsm_simple_button_run
 147:./Core/Src/main.c **** 	  traffic_processing();
 112              		.loc 1 147 4 discriminator 1
 113 0052 FFF7FEFF 		bl	traffic_processing
 148:./Core/Src/main.c **** 	  pedestrian_scramble();
 114              		.loc 1 148 4 discriminator 1
 115 0056 FFF7FEFF 		bl	pedestrian_scramble
 145:./Core/Src/main.c **** 	  fsm_simple_button_run();
 116              		.loc 1 145 4 discriminator 1
 117 005a F4E7     		b	.L3
 118              	.L5:
 119              		.align	2
 120              	.L4:
 121 005c 00000000 		.word	htim3
 122 0060 00000000 		.word	htim2
 123 0064 00080140 		.word	1073809408
 124              		.cfi_endproc
 125              	.LFE69:
 127              		.section	.text.SystemClock_Config,"ax",%progbits
 128              		.align	1
 129              		.global	SystemClock_Config
 130              		.syntax unified
 131              		.thumb
 132              		.thumb_func
 133              		.fpu softvfp
 135              	SystemClock_Config:
 136              	.LFB70:
 149:./Core/Src/main.c **** 
 150:./Core/Src/main.c ****   }
 151:./Core/Src/main.c ****   /* USER CODE END 3 */
 152:./Core/Src/main.c **** }
 153:./Core/Src/main.c **** 
ARM GAS  C:\Users\xanlo\AppData\Local\Temp\ccryEVHX.s 			page 6


 154:./Core/Src/main.c **** /**
 155:./Core/Src/main.c ****   * @brief System Clock Configuration
 156:./Core/Src/main.c ****   * @retval None
 157:./Core/Src/main.c ****   */
 158:./Core/Src/main.c **** void SystemClock_Config(void)
 159:./Core/Src/main.c **** {
 137              		.loc 1 159 1
 138              		.cfi_startproc
 139              		@ args = 0, pretend = 0, frame = 64
 140              		@ frame_needed = 1, uses_anonymous_args = 0
 141 0000 80B5     		push	{r7, lr}
 142              		.cfi_def_cfa_offset 8
 143              		.cfi_offset 7, -8
 144              		.cfi_offset 14, -4
 145 0002 90B0     		sub	sp, sp, #64
 146              		.cfi_def_cfa_offset 72
 147 0004 00AF     		add	r7, sp, #0
 148              		.cfi_def_cfa_register 7
 160:./Core/Src/main.c ****   RCC_OscInitTypeDef RCC_OscInitStruct = {0};
 149              		.loc 1 160 22
 150 0006 07F11803 		add	r3, r7, #24
 151 000a 2822     		movs	r2, #40
 152 000c 0021     		movs	r1, #0
 153 000e 1846     		mov	r0, r3
 154 0010 FFF7FEFF 		bl	memset
 161:./Core/Src/main.c ****   RCC_ClkInitTypeDef RCC_ClkInitStruct = {0};
 155              		.loc 1 161 22
 156 0014 3B1D     		adds	r3, r7, #4
 157 0016 0022     		movs	r2, #0
 158 0018 1A60     		str	r2, [r3]
 159 001a 5A60     		str	r2, [r3, #4]
 160 001c 9A60     		str	r2, [r3, #8]
 161 001e DA60     		str	r2, [r3, #12]
 162 0020 1A61     		str	r2, [r3, #16]
 162:./Core/Src/main.c **** 
 163:./Core/Src/main.c ****   /** Initializes the RCC Oscillators according to the specified parameters
 164:./Core/Src/main.c ****   * in the RCC_OscInitTypeDef structure.
 165:./Core/Src/main.c ****   */
 166:./Core/Src/main.c ****   RCC_OscInitStruct.OscillatorType = RCC_OSCILLATORTYPE_HSI;
 163              		.loc 1 166 36
 164 0022 0223     		movs	r3, #2
 165 0024 BB61     		str	r3, [r7, #24]
 167:./Core/Src/main.c ****   RCC_OscInitStruct.HSIState = RCC_HSI_ON;
 166              		.loc 1 167 30
 167 0026 0123     		movs	r3, #1
 168 0028 BB62     		str	r3, [r7, #40]
 168:./Core/Src/main.c ****   RCC_OscInitStruct.HSICalibrationValue = RCC_HSICALIBRATION_DEFAULT;
 169              		.loc 1 168 41
 170 002a 1023     		movs	r3, #16
 171 002c FB62     		str	r3, [r7, #44]
 169:./Core/Src/main.c ****   RCC_OscInitStruct.PLL.PLLState = RCC_PLL_ON;
 172              		.loc 1 169 34
 173 002e 0223     		movs	r3, #2
 174 0030 7B63     		str	r3, [r7, #52]
 170:./Core/Src/main.c ****   RCC_OscInitStruct.PLL.PLLSource = RCC_PLLSOURCE_HSI_DIV2;
 175              		.loc 1 170 35
 176 0032 0023     		movs	r3, #0
ARM GAS  C:\Users\xanlo\AppData\Local\Temp\ccryEVHX.s 			page 7


 177 0034 BB63     		str	r3, [r7, #56]
 171:./Core/Src/main.c ****   RCC_OscInitStruct.PLL.PLLMUL = RCC_PLL_MUL16;
 178              		.loc 1 171 32
 179 0036 4FF46013 		mov	r3, #3670016
 180 003a FB63     		str	r3, [r7, #60]
 172:./Core/Src/main.c ****   if (HAL_RCC_OscConfig(&RCC_OscInitStruct) != HAL_OK)
 181              		.loc 1 172 7
 182 003c 07F11803 		add	r3, r7, #24
 183 0040 1846     		mov	r0, r3
 184 0042 FFF7FEFF 		bl	HAL_RCC_OscConfig
 185 0046 0346     		mov	r3, r0
 186              		.loc 1 172 6
 187 0048 002B     		cmp	r3, #0
 188 004a 01D0     		beq	.L7
 173:./Core/Src/main.c ****   {
 174:./Core/Src/main.c ****     Error_Handler();
 189              		.loc 1 174 5
 190 004c FFF7FEFF 		bl	Error_Handler
 191              	.L7:
 175:./Core/Src/main.c ****   }
 176:./Core/Src/main.c ****   /** Initializes the CPU, AHB and APB buses clocks
 177:./Core/Src/main.c ****   */
 178:./Core/Src/main.c ****   RCC_ClkInitStruct.ClockType = RCC_CLOCKTYPE_HCLK|RCC_CLOCKTYPE_SYSCLK
 192              		.loc 1 178 31
 193 0050 0F23     		movs	r3, #15
 194 0052 7B60     		str	r3, [r7, #4]
 179:./Core/Src/main.c ****                               |RCC_CLOCKTYPE_PCLK1|RCC_CLOCKTYPE_PCLK2;
 180:./Core/Src/main.c ****   RCC_ClkInitStruct.SYSCLKSource = RCC_SYSCLKSOURCE_PLLCLK;
 195              		.loc 1 180 34
 196 0054 0223     		movs	r3, #2
 197 0056 BB60     		str	r3, [r7, #8]
 181:./Core/Src/main.c ****   RCC_ClkInitStruct.AHBCLKDivider = RCC_SYSCLK_DIV1;
 198              		.loc 1 181 35
 199 0058 0023     		movs	r3, #0
 200 005a FB60     		str	r3, [r7, #12]
 182:./Core/Src/main.c ****   RCC_ClkInitStruct.APB1CLKDivider = RCC_HCLK_DIV2;
 201              		.loc 1 182 36
 202 005c 4FF48063 		mov	r3, #1024
 203 0060 3B61     		str	r3, [r7, #16]
 183:./Core/Src/main.c ****   RCC_ClkInitStruct.APB2CLKDivider = RCC_HCLK_DIV1;
 204              		.loc 1 183 36
 205 0062 0023     		movs	r3, #0
 206 0064 7B61     		str	r3, [r7, #20]
 184:./Core/Src/main.c **** 
 185:./Core/Src/main.c ****   if (HAL_RCC_ClockConfig(&RCC_ClkInitStruct, FLASH_LATENCY_2) != HAL_OK)
 207              		.loc 1 185 7
 208 0066 3B1D     		adds	r3, r7, #4
 209 0068 0221     		movs	r1, #2
 210 006a 1846     		mov	r0, r3
 211 006c FFF7FEFF 		bl	HAL_RCC_ClockConfig
 212 0070 0346     		mov	r3, r0
 213              		.loc 1 185 6
 214 0072 002B     		cmp	r3, #0
 215 0074 01D0     		beq	.L9
 186:./Core/Src/main.c ****   {
 187:./Core/Src/main.c ****     Error_Handler();
 216              		.loc 1 187 5
ARM GAS  C:\Users\xanlo\AppData\Local\Temp\ccryEVHX.s 			page 8


 217 0076 FFF7FEFF 		bl	Error_Handler
 218              	.L9:
 188:./Core/Src/main.c ****   }
 189:./Core/Src/main.c **** }
 219              		.loc 1 189 1
 220 007a 00BF     		nop
 221 007c 4037     		adds	r7, r7, #64
 222              		.cfi_def_cfa_offset 8
 223 007e BD46     		mov	sp, r7
 224              		.cfi_def_cfa_register 13
 225              		@ sp needed
 226 0080 80BD     		pop	{r7, pc}
 227              		.cfi_endproc
 228              	.LFE70:
 230              		.section	.text.MX_TIM2_Init,"ax",%progbits
 231              		.align	1
 232              		.syntax unified
 233              		.thumb
 234              		.thumb_func
 235              		.fpu softvfp
 237              	MX_TIM2_Init:
 238              	.LFB71:
 190:./Core/Src/main.c **** 
 191:./Core/Src/main.c **** /**
 192:./Core/Src/main.c ****   * @brief TIM2 Initialization Function
 193:./Core/Src/main.c ****   * @param None
 194:./Core/Src/main.c ****   * @retval None
 195:./Core/Src/main.c ****   */
 196:./Core/Src/main.c **** static void MX_TIM2_Init(void)
 197:./Core/Src/main.c **** {
 239              		.loc 1 197 1
 240              		.cfi_startproc
 241              		@ args = 0, pretend = 0, frame = 24
 242              		@ frame_needed = 1, uses_anonymous_args = 0
 243 0000 80B5     		push	{r7, lr}
 244              		.cfi_def_cfa_offset 8
 245              		.cfi_offset 7, -8
 246              		.cfi_offset 14, -4
 247 0002 86B0     		sub	sp, sp, #24
 248              		.cfi_def_cfa_offset 32
 249 0004 00AF     		add	r7, sp, #0
 250              		.cfi_def_cfa_register 7
 198:./Core/Src/main.c **** 
 199:./Core/Src/main.c ****   /* USER CODE BEGIN TIM2_Init 0 */
 200:./Core/Src/main.c **** 
 201:./Core/Src/main.c ****   /* USER CODE END TIM2_Init 0 */
 202:./Core/Src/main.c **** 
 203:./Core/Src/main.c ****   TIM_ClockConfigTypeDef sClockSourceConfig = {0};
 251              		.loc 1 203 26
 252 0006 07F10803 		add	r3, r7, #8
 253 000a 0022     		movs	r2, #0
 254 000c 1A60     		str	r2, [r3]
 255 000e 5A60     		str	r2, [r3, #4]
 256 0010 9A60     		str	r2, [r3, #8]
 257 0012 DA60     		str	r2, [r3, #12]
 204:./Core/Src/main.c ****   TIM_MasterConfigTypeDef sMasterConfig = {0};
 258              		.loc 1 204 27
ARM GAS  C:\Users\xanlo\AppData\Local\Temp\ccryEVHX.s 			page 9


 259 0014 3B46     		mov	r3, r7
 260 0016 0022     		movs	r2, #0
 261 0018 1A60     		str	r2, [r3]
 262 001a 5A60     		str	r2, [r3, #4]
 205:./Core/Src/main.c **** 
 206:./Core/Src/main.c ****   /* USER CODE BEGIN TIM2_Init 1 */
 207:./Core/Src/main.c **** 
 208:./Core/Src/main.c ****   /* USER CODE END TIM2_Init 1 */
 209:./Core/Src/main.c ****   htim2.Instance = TIM2;
 263              		.loc 1 209 18
 264 001c 1D4B     		ldr	r3, .L15
 265 001e 4FF08042 		mov	r2, #1073741824
 266 0022 1A60     		str	r2, [r3]
 210:./Core/Src/main.c ****   htim2.Init.Prescaler = 31999;
 267              		.loc 1 210 24
 268 0024 1B4B     		ldr	r3, .L15
 269 0026 47F6FF42 		movw	r2, #31999
 270 002a 5A60     		str	r2, [r3, #4]
 211:./Core/Src/main.c ****   htim2.Init.CounterMode = TIM_COUNTERMODE_UP;
 271              		.loc 1 211 26
 272 002c 194B     		ldr	r3, .L15
 273 002e 0022     		movs	r2, #0
 274 0030 9A60     		str	r2, [r3, #8]
 212:./Core/Src/main.c ****   htim2.Init.Period = 19;
 275              		.loc 1 212 21
 276 0032 184B     		ldr	r3, .L15
 277 0034 1322     		movs	r2, #19
 278 0036 DA60     		str	r2, [r3, #12]
 213:./Core/Src/main.c ****   htim2.Init.ClockDivision = TIM_CLOCKDIVISION_DIV1;
 279              		.loc 1 213 28
 280 0038 164B     		ldr	r3, .L15
 281 003a 0022     		movs	r2, #0
 282 003c 1A61     		str	r2, [r3, #16]
 214:./Core/Src/main.c ****   htim2.Init.AutoReloadPreload = TIM_AUTORELOAD_PRELOAD_DISABLE;
 283              		.loc 1 214 32
 284 003e 154B     		ldr	r3, .L15
 285 0040 0022     		movs	r2, #0
 286 0042 9A61     		str	r2, [r3, #24]
 215:./Core/Src/main.c ****   if (HAL_TIM_Base_Init(&htim2) != HAL_OK)
 287              		.loc 1 215 7
 288 0044 1348     		ldr	r0, .L15
 289 0046 FFF7FEFF 		bl	HAL_TIM_Base_Init
 290 004a 0346     		mov	r3, r0
 291              		.loc 1 215 6
 292 004c 002B     		cmp	r3, #0
 293 004e 01D0     		beq	.L11
 216:./Core/Src/main.c ****   {
 217:./Core/Src/main.c ****     Error_Handler();
 294              		.loc 1 217 5
 295 0050 FFF7FEFF 		bl	Error_Handler
 296              	.L11:
 218:./Core/Src/main.c ****   }
 219:./Core/Src/main.c ****   sClockSourceConfig.ClockSource = TIM_CLOCKSOURCE_INTERNAL;
 297              		.loc 1 219 34
 298 0054 4FF48053 		mov	r3, #4096
 299 0058 BB60     		str	r3, [r7, #8]
 220:./Core/Src/main.c ****   if (HAL_TIM_ConfigClockSource(&htim2, &sClockSourceConfig) != HAL_OK)
ARM GAS  C:\Users\xanlo\AppData\Local\Temp\ccryEVHX.s 			page 10


 300              		.loc 1 220 7
 301 005a 07F10803 		add	r3, r7, #8
 302 005e 1946     		mov	r1, r3
 303 0060 0C48     		ldr	r0, .L15
 304 0062 FFF7FEFF 		bl	HAL_TIM_ConfigClockSource
 305 0066 0346     		mov	r3, r0
 306              		.loc 1 220 6
 307 0068 002B     		cmp	r3, #0
 308 006a 01D0     		beq	.L12
 221:./Core/Src/main.c ****   {
 222:./Core/Src/main.c ****     Error_Handler();
 309              		.loc 1 222 5
 310 006c FFF7FEFF 		bl	Error_Handler
 311              	.L12:
 223:./Core/Src/main.c ****   }
 224:./Core/Src/main.c ****   sMasterConfig.MasterOutputTrigger = TIM_TRGO_RESET;
 312              		.loc 1 224 37
 313 0070 0023     		movs	r3, #0
 314 0072 3B60     		str	r3, [r7]
 225:./Core/Src/main.c ****   sMasterConfig.MasterSlaveMode = TIM_MASTERSLAVEMODE_DISABLE;
 315              		.loc 1 225 33
 316 0074 0023     		movs	r3, #0
 317 0076 7B60     		str	r3, [r7, #4]
 226:./Core/Src/main.c ****   if (HAL_TIMEx_MasterConfigSynchronization(&htim2, &sMasterConfig) != HAL_OK)
 318              		.loc 1 226 7
 319 0078 3B46     		mov	r3, r7
 320 007a 1946     		mov	r1, r3
 321 007c 0548     		ldr	r0, .L15
 322 007e FFF7FEFF 		bl	HAL_TIMEx_MasterConfigSynchronization
 323 0082 0346     		mov	r3, r0
 324              		.loc 1 226 6
 325 0084 002B     		cmp	r3, #0
 326 0086 01D0     		beq	.L14
 227:./Core/Src/main.c ****   {
 228:./Core/Src/main.c ****     Error_Handler();
 327              		.loc 1 228 5
 328 0088 FFF7FEFF 		bl	Error_Handler
 329              	.L14:
 229:./Core/Src/main.c ****   }
 230:./Core/Src/main.c ****   /* USER CODE BEGIN TIM2_Init 2 */
 231:./Core/Src/main.c **** 
 232:./Core/Src/main.c ****   /* USER CODE END TIM2_Init 2 */
 233:./Core/Src/main.c **** 
 234:./Core/Src/main.c **** }
 330              		.loc 1 234 1
 331 008c 00BF     		nop
 332 008e 1837     		adds	r7, r7, #24
 333              		.cfi_def_cfa_offset 8
 334 0090 BD46     		mov	sp, r7
 335              		.cfi_def_cfa_register 13
 336              		@ sp needed
 337 0092 80BD     		pop	{r7, pc}
 338              	.L16:
 339              		.align	2
 340              	.L15:
 341 0094 00000000 		.word	htim2
 342              		.cfi_endproc
ARM GAS  C:\Users\xanlo\AppData\Local\Temp\ccryEVHX.s 			page 11


 343              	.LFE71:
 345              		.section	.text.MX_TIM3_Init,"ax",%progbits
 346              		.align	1
 347              		.syntax unified
 348              		.thumb
 349              		.thumb_func
 350              		.fpu softvfp
 352              	MX_TIM3_Init:
 353              	.LFB72:
 235:./Core/Src/main.c **** 
 236:./Core/Src/main.c **** /**
 237:./Core/Src/main.c ****   * @brief TIM3 Initialization Function
 238:./Core/Src/main.c ****   * @param None
 239:./Core/Src/main.c ****   * @retval None
 240:./Core/Src/main.c ****   */
 241:./Core/Src/main.c **** static void MX_TIM3_Init(void)
 242:./Core/Src/main.c **** {
 354              		.loc 1 242 1
 355              		.cfi_startproc
 356              		@ args = 0, pretend = 0, frame = 56
 357              		@ frame_needed = 1, uses_anonymous_args = 0
 358 0000 80B5     		push	{r7, lr}
 359              		.cfi_def_cfa_offset 8
 360              		.cfi_offset 7, -8
 361              		.cfi_offset 14, -4
 362 0002 8EB0     		sub	sp, sp, #56
 363              		.cfi_def_cfa_offset 64
 364 0004 00AF     		add	r7, sp, #0
 365              		.cfi_def_cfa_register 7
 243:./Core/Src/main.c **** 
 244:./Core/Src/main.c ****   /* USER CODE BEGIN TIM3_Init 0 */
 245:./Core/Src/main.c **** 
 246:./Core/Src/main.c ****   /* USER CODE END TIM3_Init 0 */
 247:./Core/Src/main.c **** 
 248:./Core/Src/main.c ****   TIM_ClockConfigTypeDef sClockSourceConfig = {0};
 366              		.loc 1 248 26
 367 0006 07F12803 		add	r3, r7, #40
 368 000a 0022     		movs	r2, #0
 369 000c 1A60     		str	r2, [r3]
 370 000e 5A60     		str	r2, [r3, #4]
 371 0010 9A60     		str	r2, [r3, #8]
 372 0012 DA60     		str	r2, [r3, #12]
 249:./Core/Src/main.c ****   TIM_MasterConfigTypeDef sMasterConfig = {0};
 373              		.loc 1 249 27
 374 0014 07F12003 		add	r3, r7, #32
 375 0018 0022     		movs	r2, #0
 376 001a 1A60     		str	r2, [r3]
 377 001c 5A60     		str	r2, [r3, #4]
 250:./Core/Src/main.c ****   TIM_OC_InitTypeDef sConfigOC = {0};
 378              		.loc 1 250 22
 379 001e 3B1D     		adds	r3, r7, #4
 380 0020 0022     		movs	r2, #0
 381 0022 1A60     		str	r2, [r3]
 382 0024 5A60     		str	r2, [r3, #4]
 383 0026 9A60     		str	r2, [r3, #8]
 384 0028 DA60     		str	r2, [r3, #12]
 385 002a 1A61     		str	r2, [r3, #16]
ARM GAS  C:\Users\xanlo\AppData\Local\Temp\ccryEVHX.s 			page 12


 386 002c 5A61     		str	r2, [r3, #20]
 387 002e 9A61     		str	r2, [r3, #24]
 251:./Core/Src/main.c **** 
 252:./Core/Src/main.c ****   /* USER CODE BEGIN TIM3_Init 1 */
 253:./Core/Src/main.c **** 
 254:./Core/Src/main.c ****   /* USER CODE END TIM3_Init 1 */
 255:./Core/Src/main.c ****   htim3.Instance = TIM3;
 388              		.loc 1 255 18
 389 0030 2C4B     		ldr	r3, .L23
 390 0032 2D4A     		ldr	r2, .L23+4
 391 0034 1A60     		str	r2, [r3]
 256:./Core/Src/main.c ****   htim3.Init.Prescaler = 63;
 392              		.loc 1 256 24
 393 0036 2B4B     		ldr	r3, .L23
 394 0038 3F22     		movs	r2, #63
 395 003a 5A60     		str	r2, [r3, #4]
 257:./Core/Src/main.c ****   htim3.Init.CounterMode = TIM_COUNTERMODE_UP;
 396              		.loc 1 257 26
 397 003c 294B     		ldr	r3, .L23
 398 003e 0022     		movs	r2, #0
 399 0040 9A60     		str	r2, [r3, #8]
 258:./Core/Src/main.c ****   htim3.Init.Period = 999;
 400              		.loc 1 258 21
 401 0042 284B     		ldr	r3, .L23
 402 0044 40F2E732 		movw	r2, #999
 403 0048 DA60     		str	r2, [r3, #12]
 259:./Core/Src/main.c ****   htim3.Init.ClockDivision = TIM_CLOCKDIVISION_DIV1;
 404              		.loc 1 259 28
 405 004a 264B     		ldr	r3, .L23
 406 004c 0022     		movs	r2, #0
 407 004e 1A61     		str	r2, [r3, #16]
 260:./Core/Src/main.c ****   htim3.Init.AutoReloadPreload = TIM_AUTORELOAD_PRELOAD_DISABLE;
 408              		.loc 1 260 32
 409 0050 244B     		ldr	r3, .L23
 410 0052 0022     		movs	r2, #0
 411 0054 9A61     		str	r2, [r3, #24]
 261:./Core/Src/main.c ****   if (HAL_TIM_Base_Init(&htim3) != HAL_OK)
 412              		.loc 1 261 7
 413 0056 2348     		ldr	r0, .L23
 414 0058 FFF7FEFF 		bl	HAL_TIM_Base_Init
 415 005c 0346     		mov	r3, r0
 416              		.loc 1 261 6
 417 005e 002B     		cmp	r3, #0
 418 0060 01D0     		beq	.L18
 262:./Core/Src/main.c ****   {
 263:./Core/Src/main.c ****     Error_Handler();
 419              		.loc 1 263 5
 420 0062 FFF7FEFF 		bl	Error_Handler
 421              	.L18:
 264:./Core/Src/main.c ****   }
 265:./Core/Src/main.c ****   sClockSourceConfig.ClockSource = TIM_CLOCKSOURCE_INTERNAL;
 422              		.loc 1 265 34
 423 0066 4FF48053 		mov	r3, #4096
 424 006a BB62     		str	r3, [r7, #40]
 266:./Core/Src/main.c ****   if (HAL_TIM_ConfigClockSource(&htim3, &sClockSourceConfig) != HAL_OK)
 425              		.loc 1 266 7
 426 006c 07F12803 		add	r3, r7, #40
ARM GAS  C:\Users\xanlo\AppData\Local\Temp\ccryEVHX.s 			page 13


 427 0070 1946     		mov	r1, r3
 428 0072 1C48     		ldr	r0, .L23
 429 0074 FFF7FEFF 		bl	HAL_TIM_ConfigClockSource
 430 0078 0346     		mov	r3, r0
 431              		.loc 1 266 6
 432 007a 002B     		cmp	r3, #0
 433 007c 01D0     		beq	.L19
 267:./Core/Src/main.c ****   {
 268:./Core/Src/main.c ****     Error_Handler();
 434              		.loc 1 268 5
 435 007e FFF7FEFF 		bl	Error_Handler
 436              	.L19:
 269:./Core/Src/main.c ****   }
 270:./Core/Src/main.c ****   if (HAL_TIM_PWM_Init(&htim3) != HAL_OK)
 437              		.loc 1 270 7
 438 0082 1848     		ldr	r0, .L23
 439 0084 FFF7FEFF 		bl	HAL_TIM_PWM_Init
 440 0088 0346     		mov	r3, r0
 441              		.loc 1 270 6
 442 008a 002B     		cmp	r3, #0
 443 008c 01D0     		beq	.L20
 271:./Core/Src/main.c ****   {
 272:./Core/Src/main.c ****     Error_Handler();
 444              		.loc 1 272 5
 445 008e FFF7FEFF 		bl	Error_Handler
 446              	.L20:
 273:./Core/Src/main.c ****   }
 274:./Core/Src/main.c ****   sMasterConfig.MasterOutputTrigger = TIM_TRGO_RESET;
 447              		.loc 1 274 37
 448 0092 0023     		movs	r3, #0
 449 0094 3B62     		str	r3, [r7, #32]
 275:./Core/Src/main.c ****   sMasterConfig.MasterSlaveMode = TIM_MASTERSLAVEMODE_DISABLE;
 450              		.loc 1 275 33
 451 0096 0023     		movs	r3, #0
 452 0098 7B62     		str	r3, [r7, #36]
 276:./Core/Src/main.c ****   if (HAL_TIMEx_MasterConfigSynchronization(&htim3, &sMasterConfig) != HAL_OK)
 453              		.loc 1 276 7
 454 009a 07F12003 		add	r3, r7, #32
 455 009e 1946     		mov	r1, r3
 456 00a0 1048     		ldr	r0, .L23
 457 00a2 FFF7FEFF 		bl	HAL_TIMEx_MasterConfigSynchronization
 458 00a6 0346     		mov	r3, r0
 459              		.loc 1 276 6
 460 00a8 002B     		cmp	r3, #0
 461 00aa 01D0     		beq	.L21
 277:./Core/Src/main.c ****   {
 278:./Core/Src/main.c ****     Error_Handler();
 462              		.loc 1 278 5
 463 00ac FFF7FEFF 		bl	Error_Handler
 464              	.L21:
 279:./Core/Src/main.c ****   }
 280:./Core/Src/main.c ****   sConfigOC.OCMode = TIM_OCMODE_PWM1;
 465              		.loc 1 280 20
 466 00b0 6023     		movs	r3, #96
 467 00b2 7B60     		str	r3, [r7, #4]
 281:./Core/Src/main.c ****   sConfigOC.Pulse = 0;
 468              		.loc 1 281 19
ARM GAS  C:\Users\xanlo\AppData\Local\Temp\ccryEVHX.s 			page 14


 469 00b4 0023     		movs	r3, #0
 470 00b6 BB60     		str	r3, [r7, #8]
 282:./Core/Src/main.c ****   sConfigOC.OCPolarity = TIM_OCPOLARITY_HIGH;
 471              		.loc 1 282 24
 472 00b8 0023     		movs	r3, #0
 473 00ba FB60     		str	r3, [r7, #12]
 283:./Core/Src/main.c ****   sConfigOC.OCFastMode = TIM_OCFAST_DISABLE;
 474              		.loc 1 283 24
 475 00bc 0023     		movs	r3, #0
 476 00be 7B61     		str	r3, [r7, #20]
 284:./Core/Src/main.c ****   if (HAL_TIM_PWM_ConfigChannel(&htim3, &sConfigOC, TIM_CHANNEL_1) != HAL_OK)
 477              		.loc 1 284 7
 478 00c0 3B1D     		adds	r3, r7, #4
 479 00c2 0022     		movs	r2, #0
 480 00c4 1946     		mov	r1, r3
 481 00c6 0748     		ldr	r0, .L23
 482 00c8 FFF7FEFF 		bl	HAL_TIM_PWM_ConfigChannel
 483 00cc 0346     		mov	r3, r0
 484              		.loc 1 284 6
 485 00ce 002B     		cmp	r3, #0
 486 00d0 01D0     		beq	.L22
 285:./Core/Src/main.c ****   {
 286:./Core/Src/main.c ****     Error_Handler();
 487              		.loc 1 286 5
 488 00d2 FFF7FEFF 		bl	Error_Handler
 489              	.L22:
 287:./Core/Src/main.c ****   }
 288:./Core/Src/main.c ****   /* USER CODE BEGIN TIM3_Init 2 */
 289:./Core/Src/main.c **** 
 290:./Core/Src/main.c ****   /* USER CODE END TIM3_Init 2 */
 291:./Core/Src/main.c ****   HAL_TIM_MspPostInit(&htim3);
 490              		.loc 1 291 3
 491 00d6 0348     		ldr	r0, .L23
 492 00d8 FFF7FEFF 		bl	HAL_TIM_MspPostInit
 292:./Core/Src/main.c **** 
 293:./Core/Src/main.c **** }
 493              		.loc 1 293 1
 494 00dc 00BF     		nop
 495 00de 3837     		adds	r7, r7, #56
 496              		.cfi_def_cfa_offset 8
 497 00e0 BD46     		mov	sp, r7
 498              		.cfi_def_cfa_register 13
 499              		@ sp needed
 500 00e2 80BD     		pop	{r7, pc}
 501              	.L24:
 502              		.align	2
 503              	.L23:
 504 00e4 00000000 		.word	htim3
 505 00e8 00040040 		.word	1073742848
 506              		.cfi_endproc
 507              	.LFE72:
 509              		.section	.text.MX_USART2_UART_Init,"ax",%progbits
 510              		.align	1
 511              		.syntax unified
 512              		.thumb
 513              		.thumb_func
 514              		.fpu softvfp
ARM GAS  C:\Users\xanlo\AppData\Local\Temp\ccryEVHX.s 			page 15


 516              	MX_USART2_UART_Init:
 517              	.LFB73:
 294:./Core/Src/main.c **** 
 295:./Core/Src/main.c **** /**
 296:./Core/Src/main.c ****   * @brief USART2 Initialization Function
 297:./Core/Src/main.c ****   * @param None
 298:./Core/Src/main.c ****   * @retval None
 299:./Core/Src/main.c ****   */
 300:./Core/Src/main.c **** static void MX_USART2_UART_Init(void)
 301:./Core/Src/main.c **** {
 518              		.loc 1 301 1
 519              		.cfi_startproc
 520              		@ args = 0, pretend = 0, frame = 0
 521              		@ frame_needed = 1, uses_anonymous_args = 0
 522 0000 80B5     		push	{r7, lr}
 523              		.cfi_def_cfa_offset 8
 524              		.cfi_offset 7, -8
 525              		.cfi_offset 14, -4
 526 0002 00AF     		add	r7, sp, #0
 527              		.cfi_def_cfa_register 7
 302:./Core/Src/main.c **** 
 303:./Core/Src/main.c ****   /* USER CODE BEGIN USART2_Init 0 */
 304:./Core/Src/main.c **** 
 305:./Core/Src/main.c ****   /* USER CODE END USART2_Init 0 */
 306:./Core/Src/main.c **** 
 307:./Core/Src/main.c ****   /* USER CODE BEGIN USART2_Init 1 */
 308:./Core/Src/main.c **** 
 309:./Core/Src/main.c ****   /* USER CODE END USART2_Init 1 */
 310:./Core/Src/main.c ****   huart2.Instance = USART2;
 528              		.loc 1 310 19
 529 0004 114B     		ldr	r3, .L28
 530 0006 124A     		ldr	r2, .L28+4
 531 0008 1A60     		str	r2, [r3]
 311:./Core/Src/main.c ****   huart2.Init.BaudRate = 9600;
 532              		.loc 1 311 24
 533 000a 104B     		ldr	r3, .L28
 534 000c 4FF41652 		mov	r2, #9600
 535 0010 5A60     		str	r2, [r3, #4]
 312:./Core/Src/main.c ****   huart2.Init.WordLength = UART_WORDLENGTH_8B;
 536              		.loc 1 312 26
 537 0012 0E4B     		ldr	r3, .L28
 538 0014 0022     		movs	r2, #0
 539 0016 9A60     		str	r2, [r3, #8]
 313:./Core/Src/main.c ****   huart2.Init.StopBits = UART_STOPBITS_1;
 540              		.loc 1 313 24
 541 0018 0C4B     		ldr	r3, .L28
 542 001a 0022     		movs	r2, #0
 543 001c DA60     		str	r2, [r3, #12]
 314:./Core/Src/main.c ****   huart2.Init.Parity = UART_PARITY_NONE;
 544              		.loc 1 314 22
 545 001e 0B4B     		ldr	r3, .L28
 546 0020 0022     		movs	r2, #0
 547 0022 1A61     		str	r2, [r3, #16]
 315:./Core/Src/main.c ****   huart2.Init.Mode = UART_MODE_TX_RX;
 548              		.loc 1 315 20
 549 0024 094B     		ldr	r3, .L28
 550 0026 0C22     		movs	r2, #12
ARM GAS  C:\Users\xanlo\AppData\Local\Temp\ccryEVHX.s 			page 16


 551 0028 5A61     		str	r2, [r3, #20]
 316:./Core/Src/main.c ****   huart2.Init.HwFlowCtl = UART_HWCONTROL_NONE;
 552              		.loc 1 316 25
 553 002a 084B     		ldr	r3, .L28
 554 002c 0022     		movs	r2, #0
 555 002e 9A61     		str	r2, [r3, #24]
 317:./Core/Src/main.c ****   huart2.Init.OverSampling = UART_OVERSAMPLING_16;
 556              		.loc 1 317 28
 557 0030 064B     		ldr	r3, .L28
 558 0032 0022     		movs	r2, #0
 559 0034 DA61     		str	r2, [r3, #28]
 318:./Core/Src/main.c ****   if (HAL_UART_Init(&huart2) != HAL_OK)
 560              		.loc 1 318 7
 561 0036 0548     		ldr	r0, .L28
 562 0038 FFF7FEFF 		bl	HAL_UART_Init
 563 003c 0346     		mov	r3, r0
 564              		.loc 1 318 6
 565 003e 002B     		cmp	r3, #0
 566 0040 01D0     		beq	.L27
 319:./Core/Src/main.c ****   {
 320:./Core/Src/main.c ****     Error_Handler();
 567              		.loc 1 320 5
 568 0042 FFF7FEFF 		bl	Error_Handler
 569              	.L27:
 321:./Core/Src/main.c ****   }
 322:./Core/Src/main.c ****   /* USER CODE BEGIN USART2_Init 2 */
 323:./Core/Src/main.c **** 
 324:./Core/Src/main.c ****   /* USER CODE END USART2_Init 2 */
 325:./Core/Src/main.c **** 
 326:./Core/Src/main.c **** }
 570              		.loc 1 326 1
 571 0046 00BF     		nop
 572 0048 80BD     		pop	{r7, pc}
 573              	.L29:
 574 004a 00BF     		.align	2
 575              	.L28:
 576 004c 00000000 		.word	huart2
 577 0050 00440040 		.word	1073759232
 578              		.cfi_endproc
 579              	.LFE73:
 581              		.section	.text.MX_GPIO_Init,"ax",%progbits
 582              		.align	1
 583              		.syntax unified
 584              		.thumb
 585              		.thumb_func
 586              		.fpu softvfp
 588              	MX_GPIO_Init:
 589              	.LFB74:
 327:./Core/Src/main.c **** 
 328:./Core/Src/main.c **** /**
 329:./Core/Src/main.c ****   * @brief GPIO Initialization Function
 330:./Core/Src/main.c ****   * @param None
 331:./Core/Src/main.c ****   * @retval None
 332:./Core/Src/main.c ****   */
 333:./Core/Src/main.c **** static void MX_GPIO_Init(void)
 334:./Core/Src/main.c **** {
 590              		.loc 1 334 1
ARM GAS  C:\Users\xanlo\AppData\Local\Temp\ccryEVHX.s 			page 17


 591              		.cfi_startproc
 592              		@ args = 0, pretend = 0, frame = 32
 593              		@ frame_needed = 1, uses_anonymous_args = 0
 594 0000 80B5     		push	{r7, lr}
 595              		.cfi_def_cfa_offset 8
 596              		.cfi_offset 7, -8
 597              		.cfi_offset 14, -4
 598 0002 88B0     		sub	sp, sp, #32
 599              		.cfi_def_cfa_offset 40
 600 0004 00AF     		add	r7, sp, #0
 601              		.cfi_def_cfa_register 7
 335:./Core/Src/main.c ****   GPIO_InitTypeDef GPIO_InitStruct = {0};
 602              		.loc 1 335 20
 603 0006 07F11003 		add	r3, r7, #16
 604 000a 0022     		movs	r2, #0
 605 000c 1A60     		str	r2, [r3]
 606 000e 5A60     		str	r2, [r3, #4]
 607 0010 9A60     		str	r2, [r3, #8]
 608 0012 DA60     		str	r2, [r3, #12]
 609              	.LBB4:
 336:./Core/Src/main.c **** 
 337:./Core/Src/main.c ****   /* GPIO Ports Clock Enable */
 338:./Core/Src/main.c ****   __HAL_RCC_GPIOC_CLK_ENABLE();
 610              		.loc 1 338 3
 611 0014 454B     		ldr	r3, .L31
 612 0016 9B69     		ldr	r3, [r3, #24]
 613 0018 444A     		ldr	r2, .L31
 614 001a 43F01003 		orr	r3, r3, #16
 615 001e 9361     		str	r3, [r2, #24]
 616 0020 424B     		ldr	r3, .L31
 617 0022 9B69     		ldr	r3, [r3, #24]
 618 0024 03F01003 		and	r3, r3, #16
 619 0028 FB60     		str	r3, [r7, #12]
 620 002a FB68     		ldr	r3, [r7, #12]
 621              	.LBE4:
 622              	.LBB5:
 339:./Core/Src/main.c ****   __HAL_RCC_GPIOD_CLK_ENABLE();
 623              		.loc 1 339 3
 624 002c 3F4B     		ldr	r3, .L31
 625 002e 9B69     		ldr	r3, [r3, #24]
 626 0030 3E4A     		ldr	r2, .L31
 627 0032 43F02003 		orr	r3, r3, #32
 628 0036 9361     		str	r3, [r2, #24]
 629 0038 3C4B     		ldr	r3, .L31
 630 003a 9B69     		ldr	r3, [r3, #24]
 631 003c 03F02003 		and	r3, r3, #32
 632 0040 BB60     		str	r3, [r7, #8]
 633 0042 BB68     		ldr	r3, [r7, #8]
 634              	.LBE5:
 635              	.LBB6:
 340:./Core/Src/main.c ****   __HAL_RCC_GPIOA_CLK_ENABLE();
 636              		.loc 1 340 3
 637 0044 394B     		ldr	r3, .L31
 638 0046 9B69     		ldr	r3, [r3, #24]
 639 0048 384A     		ldr	r2, .L31
 640 004a 43F00403 		orr	r3, r3, #4
 641 004e 9361     		str	r3, [r2, #24]
ARM GAS  C:\Users\xanlo\AppData\Local\Temp\ccryEVHX.s 			page 18


 642 0050 364B     		ldr	r3, .L31
 643 0052 9B69     		ldr	r3, [r3, #24]
 644 0054 03F00403 		and	r3, r3, #4
 645 0058 7B60     		str	r3, [r7, #4]
 646 005a 7B68     		ldr	r3, [r7, #4]
 647              	.LBE6:
 648              	.LBB7:
 341:./Core/Src/main.c ****   __HAL_RCC_GPIOB_CLK_ENABLE();
 649              		.loc 1 341 3
 650 005c 334B     		ldr	r3, .L31
 651 005e 9B69     		ldr	r3, [r3, #24]
 652 0060 324A     		ldr	r2, .L31
 653 0062 43F00803 		orr	r3, r3, #8
 654 0066 9361     		str	r3, [r2, #24]
 655 0068 304B     		ldr	r3, .L31
 656 006a 9B69     		ldr	r3, [r3, #24]
 657 006c 03F00803 		and	r3, r3, #8
 658 0070 3B60     		str	r3, [r7]
 659 0072 3B68     		ldr	r3, [r7]
 660              	.LBE7:
 342:./Core/Src/main.c **** 
 343:./Core/Src/main.c ****   /*Configure GPIO pin Output Level */
 344:./Core/Src/main.c ****   HAL_GPIO_WritePin(GPIOA, LD2_Pin|Traffic_Pedes_2_Pin|Traffic_1_1_Pin, GPIO_PIN_RESET);
 661              		.loc 1 344 3
 662 0074 0022     		movs	r2, #0
 663 0076 4FF4A461 		mov	r1, #1312
 664 007a 2D48     		ldr	r0, .L31+4
 665 007c FFF7FEFF 		bl	HAL_GPIO_WritePin
 345:./Core/Src/main.c **** 
 346:./Core/Src/main.c ****   /*Configure GPIO pin Output Level */
 347:./Core/Src/main.c ****   HAL_GPIO_WritePin(GPIOB, Traffic_Pedes_1_Pin|Traffic_1_2_Pin|Traffic_2_2_Pin|Traffic_2_1_Pin, GPI
 666              		.loc 1 347 3
 667 0080 0022     		movs	r2, #0
 668 0082 4FF48761 		mov	r1, #1080
 669 0086 2B48     		ldr	r0, .L31+8
 670 0088 FFF7FEFF 		bl	HAL_GPIO_WritePin
 348:./Core/Src/main.c **** 
 349:./Core/Src/main.c ****   /*Configure GPIO pin : B1_Pin */
 350:./Core/Src/main.c ****   GPIO_InitStruct.Pin = B1_Pin;
 671              		.loc 1 350 23
 672 008c 4FF40053 		mov	r3, #8192
 673 0090 3B61     		str	r3, [r7, #16]
 351:./Core/Src/main.c ****   GPIO_InitStruct.Mode = GPIO_MODE_IT_RISING;
 674              		.loc 1 351 24
 675 0092 294B     		ldr	r3, .L31+12
 676 0094 7B61     		str	r3, [r7, #20]
 352:./Core/Src/main.c ****   GPIO_InitStruct.Pull = GPIO_NOPULL;
 677              		.loc 1 352 24
 678 0096 0023     		movs	r3, #0
 679 0098 BB61     		str	r3, [r7, #24]
 353:./Core/Src/main.c ****   HAL_GPIO_Init(B1_GPIO_Port, &GPIO_InitStruct);
 680              		.loc 1 353 3
 681 009a 07F11003 		add	r3, r7, #16
 682 009e 1946     		mov	r1, r3
 683 00a0 2648     		ldr	r0, .L31+16
 684 00a2 FFF7FEFF 		bl	HAL_GPIO_Init
 354:./Core/Src/main.c **** 
ARM GAS  C:\Users\xanlo\AppData\Local\Temp\ccryEVHX.s 			page 19


 355:./Core/Src/main.c ****   /*Configure GPIO pins : B_Pedes_Pin B_1_Pin B_2_Pin */
 356:./Core/Src/main.c ****   GPIO_InitStruct.Pin = B_Pedes_Pin|B_1_Pin|B_2_Pin;
 685              		.loc 1 356 23
 686 00a6 1323     		movs	r3, #19
 687 00a8 3B61     		str	r3, [r7, #16]
 357:./Core/Src/main.c ****   GPIO_InitStruct.Mode = GPIO_MODE_INPUT;
 688              		.loc 1 357 24
 689 00aa 0023     		movs	r3, #0
 690 00ac 7B61     		str	r3, [r7, #20]
 358:./Core/Src/main.c ****   GPIO_InitStruct.Pull = GPIO_PULLUP;
 691              		.loc 1 358 24
 692 00ae 0123     		movs	r3, #1
 693 00b0 BB61     		str	r3, [r7, #24]
 359:./Core/Src/main.c ****   HAL_GPIO_Init(GPIOA, &GPIO_InitStruct);
 694              		.loc 1 359 3
 695 00b2 07F11003 		add	r3, r7, #16
 696 00b6 1946     		mov	r1, r3
 697 00b8 1D48     		ldr	r0, .L31+4
 698 00ba FFF7FEFF 		bl	HAL_GPIO_Init
 360:./Core/Src/main.c **** 
 361:./Core/Src/main.c ****   /*Configure GPIO pins : LD2_Pin Traffic_Pedes_2_Pin Traffic_1_1_Pin */
 362:./Core/Src/main.c ****   GPIO_InitStruct.Pin = LD2_Pin|Traffic_Pedes_2_Pin|Traffic_1_1_Pin;
 699              		.loc 1 362 23
 700 00be 4FF4A463 		mov	r3, #1312
 701 00c2 3B61     		str	r3, [r7, #16]
 363:./Core/Src/main.c ****   GPIO_InitStruct.Mode = GPIO_MODE_OUTPUT_PP;
 702              		.loc 1 363 24
 703 00c4 0123     		movs	r3, #1
 704 00c6 7B61     		str	r3, [r7, #20]
 364:./Core/Src/main.c ****   GPIO_InitStruct.Pull = GPIO_NOPULL;
 705              		.loc 1 364 24
 706 00c8 0023     		movs	r3, #0
 707 00ca BB61     		str	r3, [r7, #24]
 365:./Core/Src/main.c ****   GPIO_InitStruct.Speed = GPIO_SPEED_FREQ_LOW;
 708              		.loc 1 365 25
 709 00cc 0223     		movs	r3, #2
 710 00ce FB61     		str	r3, [r7, #28]
 366:./Core/Src/main.c ****   HAL_GPIO_Init(GPIOA, &GPIO_InitStruct);
 711              		.loc 1 366 3
 712 00d0 07F11003 		add	r3, r7, #16
 713 00d4 1946     		mov	r1, r3
 714 00d6 1648     		ldr	r0, .L31+4
 715 00d8 FFF7FEFF 		bl	HAL_GPIO_Init
 367:./Core/Src/main.c **** 
 368:./Core/Src/main.c ****   /*Configure GPIO pin : B_3_Pin */
 369:./Core/Src/main.c ****   GPIO_InitStruct.Pin = B_3_Pin;
 716              		.loc 1 369 23
 717 00dc 0123     		movs	r3, #1
 718 00de 3B61     		str	r3, [r7, #16]
 370:./Core/Src/main.c ****   GPIO_InitStruct.Mode = GPIO_MODE_INPUT;
 719              		.loc 1 370 24
 720 00e0 0023     		movs	r3, #0
 721 00e2 7B61     		str	r3, [r7, #20]
 371:./Core/Src/main.c ****   GPIO_InitStruct.Pull = GPIO_PULLUP;
 722              		.loc 1 371 24
 723 00e4 0123     		movs	r3, #1
 724 00e6 BB61     		str	r3, [r7, #24]
ARM GAS  C:\Users\xanlo\AppData\Local\Temp\ccryEVHX.s 			page 20


 372:./Core/Src/main.c ****   HAL_GPIO_Init(B_3_GPIO_Port, &GPIO_InitStruct);
 725              		.loc 1 372 3
 726 00e8 07F11003 		add	r3, r7, #16
 727 00ec 1946     		mov	r1, r3
 728 00ee 1148     		ldr	r0, .L31+8
 729 00f0 FFF7FEFF 		bl	HAL_GPIO_Init
 373:./Core/Src/main.c **** 
 374:./Core/Src/main.c ****   /*Configure GPIO pins : Traffic_Pedes_1_Pin Traffic_1_2_Pin Traffic_2_2_Pin Traffic_2_1_Pin */
 375:./Core/Src/main.c ****   GPIO_InitStruct.Pin = Traffic_Pedes_1_Pin|Traffic_1_2_Pin|Traffic_2_2_Pin|Traffic_2_1_Pin;
 730              		.loc 1 375 23
 731 00f4 4FF48763 		mov	r3, #1080
 732 00f8 3B61     		str	r3, [r7, #16]
 376:./Core/Src/main.c ****   GPIO_InitStruct.Mode = GPIO_MODE_OUTPUT_PP;
 733              		.loc 1 376 24
 734 00fa 0123     		movs	r3, #1
 735 00fc 7B61     		str	r3, [r7, #20]
 377:./Core/Src/main.c ****   GPIO_InitStruct.Pull = GPIO_NOPULL;
 736              		.loc 1 377 24
 737 00fe 0023     		movs	r3, #0
 738 0100 BB61     		str	r3, [r7, #24]
 378:./Core/Src/main.c ****   GPIO_InitStruct.Speed = GPIO_SPEED_FREQ_LOW;
 739              		.loc 1 378 25
 740 0102 0223     		movs	r3, #2
 741 0104 FB61     		str	r3, [r7, #28]
 379:./Core/Src/main.c ****   HAL_GPIO_Init(GPIOB, &GPIO_InitStruct);
 742              		.loc 1 379 3
 743 0106 07F11003 		add	r3, r7, #16
 744 010a 1946     		mov	r1, r3
 745 010c 0948     		ldr	r0, .L31+8
 746 010e FFF7FEFF 		bl	HAL_GPIO_Init
 380:./Core/Src/main.c **** 
 381:./Core/Src/main.c ****   /* EXTI interrupt init*/
 382:./Core/Src/main.c ****   HAL_NVIC_SetPriority(EXTI15_10_IRQn, 0, 0);
 747              		.loc 1 382 3
 748 0112 0022     		movs	r2, #0
 749 0114 0021     		movs	r1, #0
 750 0116 2820     		movs	r0, #40
 751 0118 FFF7FEFF 		bl	HAL_NVIC_SetPriority
 383:./Core/Src/main.c ****   HAL_NVIC_EnableIRQ(EXTI15_10_IRQn);
 752              		.loc 1 383 3
 753 011c 2820     		movs	r0, #40
 754 011e FFF7FEFF 		bl	HAL_NVIC_EnableIRQ
 384:./Core/Src/main.c **** 
 385:./Core/Src/main.c **** }
 755              		.loc 1 385 1
 756 0122 00BF     		nop
 757 0124 2037     		adds	r7, r7, #32
 758              		.cfi_def_cfa_offset 8
 759 0126 BD46     		mov	sp, r7
 760              		.cfi_def_cfa_register 13
 761              		@ sp needed
 762 0128 80BD     		pop	{r7, pc}
 763              	.L32:
 764 012a 00BF     		.align	2
 765              	.L31:
 766 012c 00100240 		.word	1073876992
 767 0130 00080140 		.word	1073809408
ARM GAS  C:\Users\xanlo\AppData\Local\Temp\ccryEVHX.s 			page 21


 768 0134 000C0140 		.word	1073810432
 769 0138 00001110 		.word	269549568
 770 013c 00100140 		.word	1073811456
 771              		.cfi_endproc
 772              	.LFE74:
 774              		.global	counter
 775              		.section	.bss.counter,"aw",%nobits
 776              		.align	2
 779              	counter:
 780 0000 00000000 		.space	4
 781              		.section	.text.HAL_TIM_PeriodElapsedCallback,"ax",%progbits
 782              		.align	1
 783              		.global	HAL_TIM_PeriodElapsedCallback
 784              		.syntax unified
 785              		.thumb
 786              		.thumb_func
 787              		.fpu softvfp
 789              	HAL_TIM_PeriodElapsedCallback:
 790              	.LFB75:
 386:./Core/Src/main.c **** 
 387:./Core/Src/main.c **** /* USER CODE BEGIN 4 */
 388:./Core/Src/main.c **** int counter = 0;
 389:./Core/Src/main.c **** void HAL_TIM_PeriodElapsedCallback(TIM_HandleTypeDef *htim){
 791              		.loc 1 389 60
 792              		.cfi_startproc
 793              		@ args = 0, pretend = 0, frame = 8
 794              		@ frame_needed = 1, uses_anonymous_args = 0
 795 0000 80B5     		push	{r7, lr}
 796              		.cfi_def_cfa_offset 8
 797              		.cfi_offset 7, -8
 798              		.cfi_offset 14, -4
 799 0002 82B0     		sub	sp, sp, #8
 800              		.cfi_def_cfa_offset 16
 801 0004 00AF     		add	r7, sp, #0
 802              		.cfi_def_cfa_register 7
 803 0006 7860     		str	r0, [r7, #4]
 390:./Core/Src/main.c **** 	// timerRun()
 391:./Core/Src/main.c **** 	if (htim->Instance == TIM2) {
 804              		.loc 1 391 10
 805 0008 7B68     		ldr	r3, [r7, #4]
 806 000a 1B68     		ldr	r3, [r3]
 807              		.loc 1 391 5
 808 000c B3F1804F 		cmp	r3, #1073741824
 809 0010 05D1     		bne	.L35
 392:./Core/Src/main.c **** 		//timestamp++; // increase timestamp by 10ms
 393:./Core/Src/main.c **** 		timerRun();
 810              		.loc 1 393 3
 811 0012 FFF7FEFF 		bl	timerRun
 394:./Core/Src/main.c **** 		SCH_Update();
 812              		.loc 1 394 3
 813 0016 FFF7FEFF 		bl	SCH_Update
 395:./Core/Src/main.c **** 		button_reading();
 814              		.loc 1 395 3
 815 001a FFF7FEFF 		bl	button_reading
 816              	.L35:
 396:./Core/Src/main.c **** 	}
 397:./Core/Src/main.c **** 
ARM GAS  C:\Users\xanlo\AppData\Local\Temp\ccryEVHX.s 			page 22


 398:./Core/Src/main.c **** 	if (htim->Instance == TIM3) {
 399:./Core/Src/main.c **** 		// do something
 400:./Core/Src/main.c **** 	}
 401:./Core/Src/main.c **** }
 817              		.loc 1 401 1
 818 001e 00BF     		nop
 819 0020 0837     		adds	r7, r7, #8
 820              		.cfi_def_cfa_offset 8
 821 0022 BD46     		mov	sp, r7
 822              		.cfi_def_cfa_register 13
 823              		@ sp needed
 824 0024 80BD     		pop	{r7, pc}
 825              		.cfi_endproc
 826              	.LFE75:
 828              		.section	.text.HAL_GPIO_EXTI_Callback,"ax",%progbits
 829              		.align	1
 830              		.global	HAL_GPIO_EXTI_Callback
 831              		.syntax unified
 832              		.thumb
 833              		.thumb_func
 834              		.fpu softvfp
 836              	HAL_GPIO_EXTI_Callback:
 837              	.LFB76:
 402:./Core/Src/main.c **** 
 403:./Core/Src/main.c **** void HAL_GPIO_EXTI_Callback(uint16_t GPIO_Pin)
 404:./Core/Src/main.c **** {
 838              		.loc 1 404 1
 839              		.cfi_startproc
 840              		@ args = 0, pretend = 0, frame = 8
 841              		@ frame_needed = 1, uses_anonymous_args = 0
 842              		@ link register save eliminated.
 843 0000 80B4     		push	{r7}
 844              		.cfi_def_cfa_offset 4
 845              		.cfi_offset 7, -4
 846 0002 83B0     		sub	sp, sp, #12
 847              		.cfi_def_cfa_offset 16
 848 0004 00AF     		add	r7, sp, #0
 849              		.cfi_def_cfa_register 7
 850 0006 0346     		mov	r3, r0
 851 0008 FB80     		strh	r3, [r7, #6]	@ movhi
 405:./Core/Src/main.c **** 
 406:./Core/Src/main.c **** }
 852              		.loc 1 406 1
 853 000a 00BF     		nop
 854 000c 0C37     		adds	r7, r7, #12
 855              		.cfi_def_cfa_offset 4
 856 000e BD46     		mov	sp, r7
 857              		.cfi_def_cfa_register 13
 858              		@ sp needed
 859 0010 80BC     		pop	{r7}
 860              		.cfi_restore 7
 861              		.cfi_def_cfa_offset 0
 862 0012 7047     		bx	lr
 863              		.cfi_endproc
 864              	.LFE76:
 866              		.section	.text.Error_Handler,"ax",%progbits
 867              		.align	1
ARM GAS  C:\Users\xanlo\AppData\Local\Temp\ccryEVHX.s 			page 23


 868              		.global	Error_Handler
 869              		.syntax unified
 870              		.thumb
 871              		.thumb_func
 872              		.fpu softvfp
 874              	Error_Handler:
 875              	.LFB77:
 407:./Core/Src/main.c **** /* USER CODE END 4 */
 408:./Core/Src/main.c **** 
 409:./Core/Src/main.c **** /**
 410:./Core/Src/main.c ****   * @brief  This function is executed in case of error occurrence.
 411:./Core/Src/main.c ****   * @retval None
 412:./Core/Src/main.c ****   */
 413:./Core/Src/main.c **** void Error_Handler(void)
 414:./Core/Src/main.c **** {
 876              		.loc 1 414 1
 877              		.cfi_startproc
 878              		@ args = 0, pretend = 0, frame = 0
 879              		@ frame_needed = 1, uses_anonymous_args = 0
 880              		@ link register save eliminated.
 881 0000 80B4     		push	{r7}
 882              		.cfi_def_cfa_offset 4
 883              		.cfi_offset 7, -4
 884 0002 00AF     		add	r7, sp, #0
 885              		.cfi_def_cfa_register 7
 886              	.LBB8:
 887              	.LBB9:
 888              		.file 2 "Drivers/CMSIS/Include/cmsis_gcc.h"
   1:Drivers/CMSIS/Include/cmsis_gcc.h **** /**************************************************************************//**
   2:Drivers/CMSIS/Include/cmsis_gcc.h ****  * @file     cmsis_gcc.h
   3:Drivers/CMSIS/Include/cmsis_gcc.h ****  * @brief    CMSIS compiler GCC header file
   4:Drivers/CMSIS/Include/cmsis_gcc.h ****  * @version  V5.0.4
   5:Drivers/CMSIS/Include/cmsis_gcc.h ****  * @date     09. April 2018
   6:Drivers/CMSIS/Include/cmsis_gcc.h ****  ******************************************************************************/
   7:Drivers/CMSIS/Include/cmsis_gcc.h **** /*
   8:Drivers/CMSIS/Include/cmsis_gcc.h ****  * Copyright (c) 2009-2018 Arm Limited. All rights reserved.
   9:Drivers/CMSIS/Include/cmsis_gcc.h ****  *
  10:Drivers/CMSIS/Include/cmsis_gcc.h ****  * SPDX-License-Identifier: Apache-2.0
  11:Drivers/CMSIS/Include/cmsis_gcc.h ****  *
  12:Drivers/CMSIS/Include/cmsis_gcc.h ****  * Licensed under the Apache License, Version 2.0 (the License); you may
  13:Drivers/CMSIS/Include/cmsis_gcc.h ****  * not use this file except in compliance with the License.
  14:Drivers/CMSIS/Include/cmsis_gcc.h ****  * You may obtain a copy of the License at
  15:Drivers/CMSIS/Include/cmsis_gcc.h ****  *
  16:Drivers/CMSIS/Include/cmsis_gcc.h ****  * www.apache.org/licenses/LICENSE-2.0
  17:Drivers/CMSIS/Include/cmsis_gcc.h ****  *
  18:Drivers/CMSIS/Include/cmsis_gcc.h ****  * Unless required by applicable law or agreed to in writing, software
  19:Drivers/CMSIS/Include/cmsis_gcc.h ****  * distributed under the License is distributed on an AS IS BASIS, WITHOUT
  20:Drivers/CMSIS/Include/cmsis_gcc.h ****  * WARRANTIES OR CONDITIONS OF ANY KIND, either express or implied.
  21:Drivers/CMSIS/Include/cmsis_gcc.h ****  * See the License for the specific language governing permissions and
  22:Drivers/CMSIS/Include/cmsis_gcc.h ****  * limitations under the License.
  23:Drivers/CMSIS/Include/cmsis_gcc.h ****  */
  24:Drivers/CMSIS/Include/cmsis_gcc.h **** 
  25:Drivers/CMSIS/Include/cmsis_gcc.h **** #ifndef __CMSIS_GCC_H
  26:Drivers/CMSIS/Include/cmsis_gcc.h **** #define __CMSIS_GCC_H
  27:Drivers/CMSIS/Include/cmsis_gcc.h **** 
  28:Drivers/CMSIS/Include/cmsis_gcc.h **** /* ignore some GCC warnings */
  29:Drivers/CMSIS/Include/cmsis_gcc.h **** #pragma GCC diagnostic push
ARM GAS  C:\Users\xanlo\AppData\Local\Temp\ccryEVHX.s 			page 24


  30:Drivers/CMSIS/Include/cmsis_gcc.h **** #pragma GCC diagnostic ignored "-Wsign-conversion"
  31:Drivers/CMSIS/Include/cmsis_gcc.h **** #pragma GCC diagnostic ignored "-Wconversion"
  32:Drivers/CMSIS/Include/cmsis_gcc.h **** #pragma GCC diagnostic ignored "-Wunused-parameter"
  33:Drivers/CMSIS/Include/cmsis_gcc.h **** 
  34:Drivers/CMSIS/Include/cmsis_gcc.h **** /* Fallback for __has_builtin */
  35:Drivers/CMSIS/Include/cmsis_gcc.h **** #ifndef __has_builtin
  36:Drivers/CMSIS/Include/cmsis_gcc.h ****   #define __has_builtin(x) (0)
  37:Drivers/CMSIS/Include/cmsis_gcc.h **** #endif
  38:Drivers/CMSIS/Include/cmsis_gcc.h **** 
  39:Drivers/CMSIS/Include/cmsis_gcc.h **** /* CMSIS compiler specific defines */
  40:Drivers/CMSIS/Include/cmsis_gcc.h **** #ifndef   __ASM
  41:Drivers/CMSIS/Include/cmsis_gcc.h ****   #define __ASM                                  __asm
  42:Drivers/CMSIS/Include/cmsis_gcc.h **** #endif
  43:Drivers/CMSIS/Include/cmsis_gcc.h **** #ifndef   __INLINE
  44:Drivers/CMSIS/Include/cmsis_gcc.h ****   #define __INLINE                               inline
  45:Drivers/CMSIS/Include/cmsis_gcc.h **** #endif
  46:Drivers/CMSIS/Include/cmsis_gcc.h **** #ifndef   __STATIC_INLINE
  47:Drivers/CMSIS/Include/cmsis_gcc.h ****   #define __STATIC_INLINE                        static inline
  48:Drivers/CMSIS/Include/cmsis_gcc.h **** #endif
  49:Drivers/CMSIS/Include/cmsis_gcc.h **** #ifndef   __STATIC_FORCEINLINE                 
  50:Drivers/CMSIS/Include/cmsis_gcc.h ****   #define __STATIC_FORCEINLINE                   __attribute__((always_inline)) static inline
  51:Drivers/CMSIS/Include/cmsis_gcc.h **** #endif                                           
  52:Drivers/CMSIS/Include/cmsis_gcc.h **** #ifndef   __NO_RETURN
  53:Drivers/CMSIS/Include/cmsis_gcc.h ****   #define __NO_RETURN                            __attribute__((__noreturn__))
  54:Drivers/CMSIS/Include/cmsis_gcc.h **** #endif
  55:Drivers/CMSIS/Include/cmsis_gcc.h **** #ifndef   __USED
  56:Drivers/CMSIS/Include/cmsis_gcc.h ****   #define __USED                                 __attribute__((used))
  57:Drivers/CMSIS/Include/cmsis_gcc.h **** #endif
  58:Drivers/CMSIS/Include/cmsis_gcc.h **** #ifndef   __WEAK
  59:Drivers/CMSIS/Include/cmsis_gcc.h ****   #define __WEAK                                 __attribute__((weak))
  60:Drivers/CMSIS/Include/cmsis_gcc.h **** #endif
  61:Drivers/CMSIS/Include/cmsis_gcc.h **** #ifndef   __PACKED
  62:Drivers/CMSIS/Include/cmsis_gcc.h ****   #define __PACKED                               __attribute__((packed, aligned(1)))
  63:Drivers/CMSIS/Include/cmsis_gcc.h **** #endif
  64:Drivers/CMSIS/Include/cmsis_gcc.h **** #ifndef   __PACKED_STRUCT
  65:Drivers/CMSIS/Include/cmsis_gcc.h ****   #define __PACKED_STRUCT                        struct __attribute__((packed, aligned(1)))
  66:Drivers/CMSIS/Include/cmsis_gcc.h **** #endif
  67:Drivers/CMSIS/Include/cmsis_gcc.h **** #ifndef   __PACKED_UNION
  68:Drivers/CMSIS/Include/cmsis_gcc.h ****   #define __PACKED_UNION                         union __attribute__((packed, aligned(1)))
  69:Drivers/CMSIS/Include/cmsis_gcc.h **** #endif
  70:Drivers/CMSIS/Include/cmsis_gcc.h **** #ifndef   __UNALIGNED_UINT32        /* deprecated */
  71:Drivers/CMSIS/Include/cmsis_gcc.h ****   #pragma GCC diagnostic push
  72:Drivers/CMSIS/Include/cmsis_gcc.h ****   #pragma GCC diagnostic ignored "-Wpacked"
  73:Drivers/CMSIS/Include/cmsis_gcc.h ****   #pragma GCC diagnostic ignored "-Wattributes"
  74:Drivers/CMSIS/Include/cmsis_gcc.h ****   struct __attribute__((packed)) T_UINT32 { uint32_t v; };
  75:Drivers/CMSIS/Include/cmsis_gcc.h ****   #pragma GCC diagnostic pop
  76:Drivers/CMSIS/Include/cmsis_gcc.h ****   #define __UNALIGNED_UINT32(x)                  (((struct T_UINT32 *)(x))->v)
  77:Drivers/CMSIS/Include/cmsis_gcc.h **** #endif
  78:Drivers/CMSIS/Include/cmsis_gcc.h **** #ifndef   __UNALIGNED_UINT16_WRITE
  79:Drivers/CMSIS/Include/cmsis_gcc.h ****   #pragma GCC diagnostic push
  80:Drivers/CMSIS/Include/cmsis_gcc.h ****   #pragma GCC diagnostic ignored "-Wpacked"
  81:Drivers/CMSIS/Include/cmsis_gcc.h ****   #pragma GCC diagnostic ignored "-Wattributes"
  82:Drivers/CMSIS/Include/cmsis_gcc.h ****   __PACKED_STRUCT T_UINT16_WRITE { uint16_t v; };
  83:Drivers/CMSIS/Include/cmsis_gcc.h ****   #pragma GCC diagnostic pop
  84:Drivers/CMSIS/Include/cmsis_gcc.h ****   #define __UNALIGNED_UINT16_WRITE(addr, val)    (void)((((struct T_UINT16_WRITE *)(void *)(addr))-
  85:Drivers/CMSIS/Include/cmsis_gcc.h **** #endif
  86:Drivers/CMSIS/Include/cmsis_gcc.h **** #ifndef   __UNALIGNED_UINT16_READ
ARM GAS  C:\Users\xanlo\AppData\Local\Temp\ccryEVHX.s 			page 25


  87:Drivers/CMSIS/Include/cmsis_gcc.h ****   #pragma GCC diagnostic push
  88:Drivers/CMSIS/Include/cmsis_gcc.h ****   #pragma GCC diagnostic ignored "-Wpacked"
  89:Drivers/CMSIS/Include/cmsis_gcc.h ****   #pragma GCC diagnostic ignored "-Wattributes"
  90:Drivers/CMSIS/Include/cmsis_gcc.h ****   __PACKED_STRUCT T_UINT16_READ { uint16_t v; };
  91:Drivers/CMSIS/Include/cmsis_gcc.h ****   #pragma GCC diagnostic pop
  92:Drivers/CMSIS/Include/cmsis_gcc.h ****   #define __UNALIGNED_UINT16_READ(addr)          (((const struct T_UINT16_READ *)(const void *)(add
  93:Drivers/CMSIS/Include/cmsis_gcc.h **** #endif
  94:Drivers/CMSIS/Include/cmsis_gcc.h **** #ifndef   __UNALIGNED_UINT32_WRITE
  95:Drivers/CMSIS/Include/cmsis_gcc.h ****   #pragma GCC diagnostic push
  96:Drivers/CMSIS/Include/cmsis_gcc.h ****   #pragma GCC diagnostic ignored "-Wpacked"
  97:Drivers/CMSIS/Include/cmsis_gcc.h ****   #pragma GCC diagnostic ignored "-Wattributes"
  98:Drivers/CMSIS/Include/cmsis_gcc.h ****   __PACKED_STRUCT T_UINT32_WRITE { uint32_t v; };
  99:Drivers/CMSIS/Include/cmsis_gcc.h ****   #pragma GCC diagnostic pop
 100:Drivers/CMSIS/Include/cmsis_gcc.h ****   #define __UNALIGNED_UINT32_WRITE(addr, val)    (void)((((struct T_UINT32_WRITE *)(void *)(addr))-
 101:Drivers/CMSIS/Include/cmsis_gcc.h **** #endif
 102:Drivers/CMSIS/Include/cmsis_gcc.h **** #ifndef   __UNALIGNED_UINT32_READ
 103:Drivers/CMSIS/Include/cmsis_gcc.h ****   #pragma GCC diagnostic push
 104:Drivers/CMSIS/Include/cmsis_gcc.h ****   #pragma GCC diagnostic ignored "-Wpacked"
 105:Drivers/CMSIS/Include/cmsis_gcc.h ****   #pragma GCC diagnostic ignored "-Wattributes"
 106:Drivers/CMSIS/Include/cmsis_gcc.h ****   __PACKED_STRUCT T_UINT32_READ { uint32_t v; };
 107:Drivers/CMSIS/Include/cmsis_gcc.h ****   #pragma GCC diagnostic pop
 108:Drivers/CMSIS/Include/cmsis_gcc.h ****   #define __UNALIGNED_UINT32_READ(addr)          (((const struct T_UINT32_READ *)(const void *)(add
 109:Drivers/CMSIS/Include/cmsis_gcc.h **** #endif
 110:Drivers/CMSIS/Include/cmsis_gcc.h **** #ifndef   __ALIGNED
 111:Drivers/CMSIS/Include/cmsis_gcc.h ****   #define __ALIGNED(x)                           __attribute__((aligned(x)))
 112:Drivers/CMSIS/Include/cmsis_gcc.h **** #endif
 113:Drivers/CMSIS/Include/cmsis_gcc.h **** #ifndef   __RESTRICT
 114:Drivers/CMSIS/Include/cmsis_gcc.h ****   #define __RESTRICT                             __restrict
 115:Drivers/CMSIS/Include/cmsis_gcc.h **** #endif
 116:Drivers/CMSIS/Include/cmsis_gcc.h **** 
 117:Drivers/CMSIS/Include/cmsis_gcc.h **** 
 118:Drivers/CMSIS/Include/cmsis_gcc.h **** /* ###########################  Core Function Access  ########################### */
 119:Drivers/CMSIS/Include/cmsis_gcc.h **** /** \ingroup  CMSIS_Core_FunctionInterface
 120:Drivers/CMSIS/Include/cmsis_gcc.h ****     \defgroup CMSIS_Core_RegAccFunctions CMSIS Core Register Access Functions
 121:Drivers/CMSIS/Include/cmsis_gcc.h ****   @{
 122:Drivers/CMSIS/Include/cmsis_gcc.h ****  */
 123:Drivers/CMSIS/Include/cmsis_gcc.h **** 
 124:Drivers/CMSIS/Include/cmsis_gcc.h **** /**
 125:Drivers/CMSIS/Include/cmsis_gcc.h ****   \brief   Enable IRQ Interrupts
 126:Drivers/CMSIS/Include/cmsis_gcc.h ****   \details Enables IRQ interrupts by clearing the I-bit in the CPSR.
 127:Drivers/CMSIS/Include/cmsis_gcc.h ****            Can only be executed in Privileged modes.
 128:Drivers/CMSIS/Include/cmsis_gcc.h ****  */
 129:Drivers/CMSIS/Include/cmsis_gcc.h **** __STATIC_FORCEINLINE void __enable_irq(void)
 130:Drivers/CMSIS/Include/cmsis_gcc.h **** {
 131:Drivers/CMSIS/Include/cmsis_gcc.h ****   __ASM volatile ("cpsie i" : : : "memory");
 132:Drivers/CMSIS/Include/cmsis_gcc.h **** }
 133:Drivers/CMSIS/Include/cmsis_gcc.h **** 
 134:Drivers/CMSIS/Include/cmsis_gcc.h **** 
 135:Drivers/CMSIS/Include/cmsis_gcc.h **** /**
 136:Drivers/CMSIS/Include/cmsis_gcc.h ****   \brief   Disable IRQ Interrupts
 137:Drivers/CMSIS/Include/cmsis_gcc.h ****   \details Disables IRQ interrupts by setting the I-bit in the CPSR.
 138:Drivers/CMSIS/Include/cmsis_gcc.h ****            Can only be executed in Privileged modes.
 139:Drivers/CMSIS/Include/cmsis_gcc.h ****  */
 140:Drivers/CMSIS/Include/cmsis_gcc.h **** __STATIC_FORCEINLINE void __disable_irq(void)
 141:Drivers/CMSIS/Include/cmsis_gcc.h **** {
 142:Drivers/CMSIS/Include/cmsis_gcc.h ****   __ASM volatile ("cpsid i" : : : "memory");
 889              		.loc 2 142 3
ARM GAS  C:\Users\xanlo\AppData\Local\Temp\ccryEVHX.s 			page 26


 890              		.syntax unified
 891              	@ 142 "Drivers/CMSIS/Include/cmsis_gcc.h" 1
 892 0004 72B6     		cpsid i
 893              	@ 0 "" 2
 143:Drivers/CMSIS/Include/cmsis_gcc.h **** }
 894              		.loc 2 143 1
 895              		.thumb
 896              		.syntax unified
 897 0006 00BF     		nop
 898              	.L38:
 899              	.LBE9:
 900              	.LBE8:
 415:./Core/Src/main.c ****   /* USER CODE BEGIN Error_Handler_Debug */
 416:./Core/Src/main.c ****   /* User can add his own implementation to report the HAL error return state */
 417:./Core/Src/main.c ****   __disable_irq();
 418:./Core/Src/main.c ****   while (1)
 901              		.loc 1 418 9 discriminator 1
 902 0008 FEE7     		b	.L38
 903              		.cfi_endproc
 904              	.LFE77:
 906              		.text
 907              	.Letext0:
 908              		.file 3 "c:\\st\\stm32cubeide_1.7.0\\stm32cubeide\\plugins\\com.st.stm32cube.ide.mcu.externaltools
 909              		.file 4 "c:\\st\\stm32cubeide_1.7.0\\stm32cubeide\\plugins\\com.st.stm32cube.ide.mcu.externaltools
 910              		.file 5 "Drivers/CMSIS/Include/core_cm3.h"
 911              		.file 6 "Drivers/CMSIS/Device/ST/STM32F1xx/Include/system_stm32f1xx.h"
 912              		.file 7 "Drivers/CMSIS/Device/ST/STM32F1xx/Include/stm32f103xb.h"
 913              		.file 8 "Drivers/STM32F1xx_HAL_Driver/Inc/stm32f1xx_hal_def.h"
 914              		.file 9 "Drivers/STM32F1xx_HAL_Driver/Inc/stm32f1xx_hal_rcc.h"
 915              		.file 10 "Drivers/STM32F1xx_HAL_Driver/Inc/stm32f1xx_hal_rcc_ex.h"
 916              		.file 11 "Drivers/STM32F1xx_HAL_Driver/Inc/stm32f1xx_hal_gpio.h"
 917              		.file 12 "Drivers/STM32F1xx_HAL_Driver/Inc/stm32f1xx_hal_dma.h"
 918              		.file 13 "Drivers/STM32F1xx_HAL_Driver/Inc/stm32f1xx_hal_tim.h"
 919              		.file 14 "Drivers/STM32F1xx_HAL_Driver/Inc/stm32f1xx_hal_uart.h"
 920              		.file 15 "Drivers/STM32F1xx_HAL_Driver/Inc/stm32f1xx_hal.h"
 921              		.file 16 "c:\\st\\stm32cubeide_1.7.0\\stm32cubeide\\plugins\\com.st.stm32cube.ide.mcu.externaltool
 922              		.file 17 "c:\\st\\stm32cubeide_1.7.0\\stm32cubeide\\plugins\\com.st.stm32cube.ide.mcu.externaltool
 923              		.file 18 "c:\\st\\stm32cubeide_1.7.0\\stm32cubeide\\plugins\\com.st.stm32cube.ide.mcu.externaltool
 924              		.file 19 "c:\\st\\stm32cubeide_1.7.0\\stm32cubeide\\plugins\\com.st.stm32cube.ide.mcu.externaltool
 925              		.file 20 "Core/Inc/software_timer.h"
 926              		.file 21 "Core/Inc/global.h"
ARM GAS  C:\Users\xanlo\AppData\Local\Temp\ccryEVHX.s 			page 27


DEFINED SYMBOLS
                            *ABS*:0000000000000000 main.c
                            *COM*:0000000000000048 htim2
                            *COM*:0000000000000048 htim3
                            *COM*:0000000000000044 huart2
C:\Users\xanlo\AppData\Local\Temp\ccryEVHX.s:19     .text.SCH_Go_To_Sleep:0000000000000000 $t
C:\Users\xanlo\AppData\Local\Temp\ccryEVHX.s:27     .text.SCH_Go_To_Sleep:0000000000000000 SCH_Go_To_Sleep
C:\Users\xanlo\AppData\Local\Temp\ccryEVHX.s:55     .text.main:0000000000000000 $t
C:\Users\xanlo\AppData\Local\Temp\ccryEVHX.s:62     .text.main:0000000000000000 main
C:\Users\xanlo\AppData\Local\Temp\ccryEVHX.s:135    .text.SystemClock_Config:0000000000000000 SystemClock_Config
C:\Users\xanlo\AppData\Local\Temp\ccryEVHX.s:588    .text.MX_GPIO_Init:0000000000000000 MX_GPIO_Init
C:\Users\xanlo\AppData\Local\Temp\ccryEVHX.s:516    .text.MX_USART2_UART_Init:0000000000000000 MX_USART2_UART_Init
C:\Users\xanlo\AppData\Local\Temp\ccryEVHX.s:237    .text.MX_TIM2_Init:0000000000000000 MX_TIM2_Init
C:\Users\xanlo\AppData\Local\Temp\ccryEVHX.s:352    .text.MX_TIM3_Init:0000000000000000 MX_TIM3_Init
C:\Users\xanlo\AppData\Local\Temp\ccryEVHX.s:121    .text.main:000000000000005c $d
C:\Users\xanlo\AppData\Local\Temp\ccryEVHX.s:128    .text.SystemClock_Config:0000000000000000 $t
C:\Users\xanlo\AppData\Local\Temp\ccryEVHX.s:874    .text.Error_Handler:0000000000000000 Error_Handler
C:\Users\xanlo\AppData\Local\Temp\ccryEVHX.s:231    .text.MX_TIM2_Init:0000000000000000 $t
C:\Users\xanlo\AppData\Local\Temp\ccryEVHX.s:341    .text.MX_TIM2_Init:0000000000000094 $d
C:\Users\xanlo\AppData\Local\Temp\ccryEVHX.s:346    .text.MX_TIM3_Init:0000000000000000 $t
C:\Users\xanlo\AppData\Local\Temp\ccryEVHX.s:504    .text.MX_TIM3_Init:00000000000000e4 $d
C:\Users\xanlo\AppData\Local\Temp\ccryEVHX.s:510    .text.MX_USART2_UART_Init:0000000000000000 $t
C:\Users\xanlo\AppData\Local\Temp\ccryEVHX.s:576    .text.MX_USART2_UART_Init:000000000000004c $d
C:\Users\xanlo\AppData\Local\Temp\ccryEVHX.s:582    .text.MX_GPIO_Init:0000000000000000 $t
C:\Users\xanlo\AppData\Local\Temp\ccryEVHX.s:766    .text.MX_GPIO_Init:000000000000012c $d
C:\Users\xanlo\AppData\Local\Temp\ccryEVHX.s:779    .bss.counter:0000000000000000 counter
C:\Users\xanlo\AppData\Local\Temp\ccryEVHX.s:776    .bss.counter:0000000000000000 $d
C:\Users\xanlo\AppData\Local\Temp\ccryEVHX.s:782    .text.HAL_TIM_PeriodElapsedCallback:0000000000000000 $t
C:\Users\xanlo\AppData\Local\Temp\ccryEVHX.s:789    .text.HAL_TIM_PeriodElapsedCallback:0000000000000000 HAL_TIM_PeriodElapsedCallback
C:\Users\xanlo\AppData\Local\Temp\ccryEVHX.s:829    .text.HAL_GPIO_EXTI_Callback:0000000000000000 $t
C:\Users\xanlo\AppData\Local\Temp\ccryEVHX.s:836    .text.HAL_GPIO_EXTI_Callback:0000000000000000 HAL_GPIO_EXTI_Callback
C:\Users\xanlo\AppData\Local\Temp\ccryEVHX.s:867    .text.Error_Handler:0000000000000000 $t
                           .group:0000000000000000 wm4.0.e890922d021f7fff2fbf219cb2b38f03
                           .group:0000000000000000 wm4.stm32f1xx_hal_conf.h.21.185fa7e4004c86f1f34627ab1091dd60
                           .group:0000000000000000 wm4.stm32f1xx.h.39.208bb8a61c892b7c37d899c49a031330
                           .group:0000000000000000 wm4.stm32f103xb.h.38.ec967d5ad9d3269cb0788eebda048e38
                           .group:0000000000000000 wm4._newlib_version.h.4.1ef4e12f167f8b69d7c30054be56050d
                           .group:0000000000000000 wm4.features.h.33.318b64d71e0957639cfb30f1db1f7ec8
                           .group:0000000000000000 wm4._default_types.h.15.247e5cd201eca3442cbf5404108c4935
                           .group:0000000000000000 wm4._intsup.h.10.48bafbb683905c4daa4565a85aeeb264
                           .group:0000000000000000 wm4._stdint.h.10.c24fa3af3bc1706662bb5593a907e841
                           .group:0000000000000000 wm4.stdint.h.23.d53047a68f4a85177f80b422d52785ed
                           .group:0000000000000000 wm4.cmsis_version.h.32.4d5822004c01a829a975260e854b5f8e
                           .group:0000000000000000 wm4.core_cm3.h.66.fc46cac19810db8f98d67da7ef88f42c
                           .group:0000000000000000 wm4.cmsis_gcc.h.26.225e4f5469716fdeef823d1102f5b23e
                           .group:0000000000000000 wm4.core_cm3.h.127.f4474120f1a7524deb56f9d74ff175da
                           .group:0000000000000000 wm4.stm32f103xb.h.573.10249aa7473ca93be896fed94046a725
                           .group:0000000000000000 wm4.stm32f1xx.h.162.96b09079a093c34dbd7f0b85cbd0ddee
                           .group:0000000000000000 wm4.stm32_hal_legacy.h.23.91ba5b544a4c2be2620a1e7ff0049e10
                           .group:0000000000000000 wm4.stddef.h.39.144cf5ddcd53cbfdac30259dc1a6c87f
                           .group:0000000000000000 wm4.stm32f1xx_hal_def.h.57.18d01ce1aa74e9fb44dbf16f821a574a
                           .group:0000000000000000 wm4.stm32f1xx_hal_rcc.h.95.21591bbc513aaa813c0b8640c3b32517
                           .group:0000000000000000 wm4.stm32f1xx_hal_rcc_ex.h.22.8763f99bc1e3e2dcf0febe9161d81b37
                           .group:0000000000000000 wm4.stm32f1xx_hal_rcc.h.1202.f8e5f9e0cf4eef7840facf5396029056
                           .group:0000000000000000 wm4.stm32f1xx_hal_gpio.h.22.fa638d688dcc57ca806fe6a7831b0d04
                           .group:0000000000000000 wm4.stm32f1xx_hal_gpio_ex.h.22.51a50ef3512cd78017ce666a32d364bf
                           .group:0000000000000000 wm4.stm32f1xx_hal_gpio.h.263.f5ebf2f545ade59412ab9261c8e35dc4
ARM GAS  C:\Users\xanlo\AppData\Local\Temp\ccryEVHX.s 			page 28


                           .group:0000000000000000 wm4.stm32f1xx_hal_exti.h.22.e26491d042c8079c3ca67eca341af862
                           .group:0000000000000000 wm4.stm32f1xx_hal_dma.h.22.3c14338534886827bf3aeaa2a7f412a1
                           .group:0000000000000000 wm4.stm32f1xx_hal_dma_ex.h.22.001ac4d7f81ccbdcae49bd65c13858c8
                           .group:0000000000000000 wm4.stm32f1xx_hal_dma.h.409.cafcd2cfe701091535636be537c18293
                           .group:0000000000000000 wm4.stm32f1xx_hal_cortex.h.22.b5f4174bb6a50d95405567b8f50e0900
                           .group:0000000000000000 wm4.stm32f1xx_hal_flash.h.22.5cea9a7210e6315b41724b47b5fdf203
                           .group:0000000000000000 wm4.stm32f1xx_hal_flash_ex.h.22.d4e19c21f2a86fa2f8ec2c2d5f1ab2af
                           .group:0000000000000000 wm4.stm32f1xx_hal_pwr.h.22.3438c476faafc3240bf146f143df3fcd
                           .group:0000000000000000 wm4.stm32f1xx_hal_tim.h.22.a16e206564e97dbace9faae59a0d6008
                           .group:0000000000000000 wm4.stm32f1xx_hal_uart.h.22.5f7992e497faa36aa98f09f7214f4dbb
                           .group:0000000000000000 wm4.stm32f1xx_hal.h.88.91065c0692bed6019c34f1e9c00589fd
                           .group:0000000000000000 wm4.main.h.63.d4f8a4d7b478ddd0ed8a349f4df0d070
                           .group:0000000000000000 wm4.newlib.h.8.7cb3972cd43265932d4782d5eb589854
                           .group:0000000000000000 wm4.ieeefp.h.77.f33a4dce62116f6f5175ff8bae57a54c
                           .group:0000000000000000 wm4.config.h.224.c701144a7b0518c6ee9b9b5465b79f81
                           .group:0000000000000000 wm4._ansi.h.31.de524f58584151836e90d8620a16f8e8
                           .group:0000000000000000 wm4.stdio.h.31.7c0e28c411445f3f9c5b11accf882760
                           .group:0000000000000000 wm4.stddef.h.155.ba788add86a0e365f264484f110c3c29
                           .group:0000000000000000 wm4.cdefs.h.49.75c8cf0da02add7669d4e6b77e254feb
                           .group:0000000000000000 wm4.stdarg.h.34.3a23a216c0c293b3d2ea2e89281481e6
                           .group:0000000000000000 wm4._types.h.20.dd0d04dca3800a0d2a6129b87f3adbb2
                           .group:0000000000000000 wm4.stddef.h.155.3588ebfdd1e8c7ede80509bb9c3b8009
                           .group:0000000000000000 wm4._types.h.127.34941de1b2539d59d5cac00e0dd27a45
                           .group:0000000000000000 wm4.reent.h.17.e292bf8b0bec6c96e131a54347145a30
                           .group:0000000000000000 wm4.lock.h.2.1461d1fff82dffe8bfddc23307f6484f
                           .group:0000000000000000 wm4.reent.h.77.dcd6129ff07fe81bd5636db29abe53b2
                           .group:0000000000000000 wm4.types.h.40.8b6acba56cefbb11746718204edc8f5e
                           .group:0000000000000000 wm4._endian.h.31.65a10590763c3dde1ac4a7f66d7d4891
                           .group:0000000000000000 wm4.endian.h.9.49f3a4695c1b61e8a0808de3c4a106cb
                           .group:0000000000000000 wm4._timeval.h.32.bec3221fa7a9bb0bdde696c9c57e47d2
                           .group:0000000000000000 wm4.timespec.h.41.d855182eb0e690443ab8651bcedca6e1
                           .group:0000000000000000 wm4.select.h.19.97ca6fd0c752a0f3b6719fd314d361e6
                           .group:0000000000000000 wm4.types.h.51.5571ec98f267d17d3c670b7a3ba33afa
                           .group:0000000000000000 wm4.sched.h.22.c60982713a5c428609783c78f9c78d95
                           .group:0000000000000000 wm4._pthreadtypes.h.36.fcee9961c35163dde6267ef772ad1972
                           .group:0000000000000000 wm4.stdio.h.2.4aa87247282eca6c8f36f9de33d8df1a
                           .group:0000000000000000 wm4.stdio.h.81.932d0c162786b883f622b8d05c120c78
                           .group:0000000000000000 wm4.software_timer.h.9.85139a8d176fe1bcfcf1e8be0a353955
                           .group:0000000000000000 wm4.scheduler.h.23.fda8d1fb6f66d18335737ef37364991a
                           .group:0000000000000000 wm4.global.h.9.07cc41e1ed932596c8485394ac422e11
                           .group:0000000000000000 wm4.traffic_light.h.14.ab1d9e8ae02845570467e9cf97ea0d9f

UNDEFINED SYMBOLS
HAL_SuspendTick
HAL_PWR_EnterSLEEPMode
HAL_ResumeTick
HAL_Init
HAL_TIM_PWM_Start
HAL_TIM_Base_Start_IT
setTimer1
setTimer2
setTimer3
HAL_GPIO_TogglePin
fsm_simple_button_run
traffic_processing
pedestrian_scramble
memset
ARM GAS  C:\Users\xanlo\AppData\Local\Temp\ccryEVHX.s 			page 29


HAL_RCC_OscConfig
HAL_RCC_ClockConfig
HAL_TIM_Base_Init
HAL_TIM_ConfigClockSource
HAL_TIMEx_MasterConfigSynchronization
HAL_TIM_PWM_Init
HAL_TIM_PWM_ConfigChannel
HAL_TIM_MspPostInit
HAL_UART_Init
HAL_GPIO_WritePin
HAL_GPIO_Init
HAL_NVIC_SetPriority
HAL_NVIC_EnableIRQ
timerRun
SCH_Update
button_reading
